<?xml version="1.0" encoding="utf-8"?>
<CoverageSession xmlns:xsd="http://www.w3.org/2001/XMLSchema" xmlns:xsi="http://www.w3.org/2001/XMLSchema-instance" Version="0.0.0.0">
  <Summary numSequencePoints="989" visitedSequencePoints="826" numBranchPoints="0" visitedBranchPoints="0" sequenceCoverage="83.52" branchCoverage="0.0" maxCyclomaticComplexity="0" minCyclomaticComplexity="0" maxCrapScore="0" minCrapScore="0" visitedClasses="34" numClasses="34" visitedMethods="69" numMethods="69" />
  <Modules>
    <Module>
      <Summary numSequencePoints="576" visitedSequencePoints="416" numBranchPoints="0" visitedBranchPoints="0" sequenceCoverage="72.22" branchCoverage="0.0" maxCyclomaticComplexity="0" minCyclomaticComplexity="0" maxCrapScore="0" minCrapScore="0" visitedClasses="4" numClasses="4" visitedMethods="36" numMethods="36" />
      <ModuleTime>0001-01-01T00:00:00</ModuleTime>
      <ModuleName>NewAssembly</ModuleName>
      <Files>
        <File uid="1" fullPath="/Users/user/NIS-LR-2/Assets/Scripts/Cell.cs" />
        <File uid="2" fullPath="/Users/user/NIS-LR-2/Assets/Scripts/CellView.cs" />
        <File uid="3" fullPath="/Users/user/NIS-LR-2/Assets/Scripts/GameField.cs" />
        <File uid="4" fullPath="/Users/user/NIS-LR-2/Assets/Scripts/InputManager.cs" />
      </Files>
      <Classes>
        <Class>
          <Summary numSequencePoints="21" visitedSequencePoints="21" numBranchPoints="0" visitedBranchPoints="0" sequenceCoverage="100.0" branchCoverage="0.0" maxCyclomaticComplexity="0" minCyclomaticComplexity="0" maxCrapScore="0" minCrapScore="0" visitedClasses="1" numClasses="1" visitedMethods="5" numMethods="5" />
          <FullName>Cell</FullName>
          <Methods>
            <Method visited="true" cyclomaticComplexity="0" nPathComplexity="0" sequenceCoverage="100.0" branchCoverage="0" crapScore="0" isConstructor="false" isStatic="false" isGetter="true" isSetter="false">
              <Summary numSequencePoints="1" visitedSequencePoints="1" numBranchPoints="0" visitedBranchPoints="0" sequenceCoverage="100.0" branchCoverage="0" maxCyclomaticComplexity="0" minCyclomaticComplexity="0" maxCrapScore="0" minCrapScore="0" visitedClasses="0" numClasses="0" visitedMethods="1" numMethods="1" />
              <MetadataToken>100663301</MetadataToken>
              <Name>System.Int32 Cell::get_Value()</Name>
              <FileRef uid="1" />
              <SequencePoints>
                <SequencePoint vc="134" uspid="1002" ordinal="0" offset="0" sl="15" sc="16" el="15" ec="16" bec="0" bev="0" fileid="1" />
              </SequencePoints>
              <BranchPoints />
            </Method>
            <Method visited="true" cyclomaticComplexity="0" nPathComplexity="0" sequenceCoverage="100.0" branchCoverage="0" crapScore="0" isConstructor="false" isStatic="false" isGetter="false" isSetter="true">
              <Summary numSequencePoints="7" visitedSequencePoints="7" numBranchPoints="0" visitedBranchPoints="0" sequenceCoverage="100.0" branchCoverage="0" maxCyclomaticComplexity="0" minCyclomaticComplexity="0" maxCrapScore="0" minCrapScore="0" visitedClasses="0" numClasses="0" visitedMethods="1" numMethods="1" />
              <MetadataToken>100663302</MetadataToken>
              <Name>System.Void Cell::set_Value(System.Int32)</Name>
              <FileRef uid="1" />
              <SequencePoints>
                <SequencePoint vc="4" uspid="1003" ordinal="0" offset="0" sl="17" sc="9" el="17" ec="9" bec="0" bev="0" fileid="1" />
                <SequencePoint vc="4" uspid="1004" ordinal="0" offset="1" sl="18" sc="13" el="18" ec="13" bec="0" bev="0" fileid="1" />
                <SequencePoint vc="3" uspid="1005" ordinal="0" offset="17" sl="19" sc="13" el="19" ec="13" bec="0" bev="0" fileid="1" />
                <SequencePoint vc="3" uspid="1006" ordinal="0" offset="18" sl="20" sc="17" el="20" ec="17" bec="0" bev="0" fileid="1" />
                <SequencePoint vc="3" uspid="1007" ordinal="0" offset="25" sl="21" sc="17" el="21" ec="17" bec="0" bev="0" fileid="1" />
                <SequencePoint vc="3" uspid="1008" ordinal="0" offset="49" sl="22" sc="13" el="22" ec="13" bec="0" bev="0" fileid="1" />
                <SequencePoint vc="4" uspid="1009" ordinal="0" offset="50" sl="23" sc="9" el="23" ec="9" bec="0" bev="0" fileid="1" />
              </SequencePoints>
              <BranchPoints />
            </Method>
            <Method visited="true" cyclomaticComplexity="0" nPathComplexity="0" sequenceCoverage="100.0" branchCoverage="0" crapScore="0" isConstructor="false" isStatic="false" isGetter="true" isSetter="false">
              <Summary numSequencePoints="1" visitedSequencePoints="1" numBranchPoints="0" visitedBranchPoints="0" sequenceCoverage="100.0" branchCoverage="0" maxCyclomaticComplexity="0" minCyclomaticComplexity="0" maxCrapScore="0" minCrapScore="0" visitedClasses="0" numClasses="0" visitedMethods="1" numMethods="1" />
              <MetadataToken>100663303</MetadataToken>
              <Name>UnityEngine.Vector2Int Cell::get_Position()</Name>
              <FileRef uid="1" />
              <SequencePoints>
                <SequencePoint vc="56" uspid="1010" ordinal="0" offset="0" sl="28" sc="16" el="28" ec="16" bec="0" bev="0" fileid="1" />
              </SequencePoints>
              <BranchPoints />
            </Method>
            <Method visited="true" cyclomaticComplexity="0" nPathComplexity="0" sequenceCoverage="100.0" branchCoverage="0" crapScore="0" isConstructor="false" isStatic="false" isGetter="false" isSetter="true">
              <Summary numSequencePoints="7" visitedSequencePoints="7" numBranchPoints="0" visitedBranchPoints="0" sequenceCoverage="100.0" branchCoverage="0" maxCyclomaticComplexity="0" minCyclomaticComplexity="0" maxCrapScore="0" minCrapScore="0" visitedClasses="0" numClasses="0" visitedMethods="1" numMethods="1" />
              <MetadataToken>100663304</MetadataToken>
              <Name>System.Void Cell::set_Position(UnityEngine.Vector2Int)</Name>
              <FileRef uid="1" />
              <SequencePoints>
                <SequencePoint vc="4" uspid="1011" ordinal="0" offset="0" sl="30" sc="9" el="30" ec="9" bec="0" bev="0" fileid="1" />
                <SequencePoint vc="4" uspid="1012" ordinal="0" offset="1" sl="31" sc="13" el="31" ec="13" bec="0" bev="0" fileid="1" />
                <SequencePoint vc="2" uspid="1013" ordinal="0" offset="17" sl="32" sc="13" el="32" ec="13" bec="0" bev="0" fileid="1" />
                <SequencePoint vc="2" uspid="1014" ordinal="0" offset="18" sl="33" sc="17" el="33" ec="17" bec="0" bev="0" fileid="1" />
                <SequencePoint vc="2" uspid="1015" ordinal="0" offset="25" sl="34" sc="17" el="34" ec="17" bec="0" bev="0" fileid="1" />
                <SequencePoint vc="2" uspid="1016" ordinal="0" offset="49" sl="35" sc="13" el="35" ec="13" bec="0" bev="0" fileid="1" />
                <SequencePoint vc="4" uspid="1017" ordinal="0" offset="50" sl="36" sc="9" el="36" ec="9" bec="0" bev="0" fileid="1" />
              </SequencePoints>
              <BranchPoints />
            </Method>
            <Method visited="true" cyclomaticComplexity="0" nPathComplexity="0" sequenceCoverage="100.0" branchCoverage="0" crapScore="0" isConstructor="true" isStatic="false" isGetter="false" isSetter="false">
              <Summary numSequencePoints="5" visitedSequencePoints="5" numBranchPoints="0" visitedBranchPoints="0" sequenceCoverage="100.0" branchCoverage="0" maxCyclomaticComplexity="0" minCyclomaticComplexity="0" maxCrapScore="0" minCrapScore="0" visitedClasses="0" numClasses="0" visitedMethods="1" numMethods="1" />
              <MetadataToken>100663305</MetadataToken>
              <Name>Cell::Cell(UnityEngine.Vector2Int, System.Int32)</Name>
              <FileRef uid="1" />
              <SequencePoints>
                <SequencePoint vc="74" uspid="1018" ordinal="0" offset="0" sl="39" sc="5" el="39" ec="5" bec="0" bev="0" fileid="1" />
                <SequencePoint vc="74" uspid="1019" ordinal="0" offset="7" sl="40" sc="5" el="40" ec="5" bec="0" bev="0" fileid="1" />
                <SequencePoint vc="74" uspid="1020" ordinal="0" offset="8" sl="41" sc="9" el="41" ec="9" bec="0" bev="0" fileid="1" />
                <SequencePoint vc="74" uspid="1021" ordinal="0" offset="15" sl="42" sc="9" el="42" ec="9" bec="0" bev="0" fileid="1" />
                <SequencePoint vc="74" uspid="1022" ordinal="0" offset="22" sl="43" sc="5" el="43" ec="5" bec="0" bev="0" fileid="1" />
              </SequencePoints>
              <BranchPoints />
            </Method>
          </Methods>
        </Class>
        <Class>
          <Summary numSequencePoints="50" visitedSequencePoints="45" numBranchPoints="0" visitedBranchPoints="0" sequenceCoverage="90.00" branchCoverage="0.0" maxCyclomaticComplexity="0" minCyclomaticComplexity="0" maxCrapScore="0" minCrapScore="0" visitedClasses="1" numClasses="1" visitedMethods="6" numMethods="6" />
          <FullName>CellView</FullName>
          <Methods>
            <Method visited="true" cyclomaticComplexity="0" nPathComplexity="0" sequenceCoverage="100.0" branchCoverage="0" crapScore="0" isConstructor="false" isStatic="false" isGetter="true" isSetter="false">
              <Summary numSequencePoints="1" visitedSequencePoints="1" numBranchPoints="0" visitedBranchPoints="0" sequenceCoverage="100.0" branchCoverage="0" maxCyclomaticComplexity="0" minCyclomaticComplexity="0" maxCrapScore="0" minCrapScore="0" visitedClasses="0" numClasses="0" visitedMethods="1" numMethods="1" />
              <MetadataToken>100663306</MetadataToken>
              <Name>Cell CellView::get_LinkedCell()</Name>
              <FileRef uid="2" />
              <SequencePoints>
                <SequencePoint vc="3" uspid="1023" ordinal="0" offset="0" sl="11" sc="31" el="11" ec="31" bec="0" bev="0" fileid="2" />
              </SequencePoints>
              <BranchPoints />
            </Method>
            <Method visited="true" cyclomaticComplexity="0" nPathComplexity="0" sequenceCoverage="90.91" branchCoverage="0" crapScore="0" isConstructor="false" isStatic="false" isGetter="false" isSetter="false">
              <Summary numSequencePoints="11" visitedSequencePoints="10" numBranchPoints="0" visitedBranchPoints="0" sequenceCoverage="90.91" branchCoverage="0" maxCyclomaticComplexity="0" minCyclomaticComplexity="0" maxCrapScore="0" minCrapScore="0" visitedClasses="0" numClasses="0" visitedMethods="1" numMethods="1" />
              <MetadataToken>100663307</MetadataToken>
              <Name>System.Void CellView::Init(Cell, GameField)</Name>
              <FileRef uid="2" />
              <SequencePoints>
                <SequencePoint vc="38" uspid="1024" ordinal="0" offset="0" sl="14" sc="5" el="14" ec="5" bec="0" bev="0" fileid="2" />
                <SequencePoint vc="38" uspid="1025" ordinal="0" offset="1" sl="15" sc="9" el="15" ec="9" bec="0" bev="0" fileid="2" />
                <SequencePoint vc="38" uspid="1026" ordinal="0" offset="8" sl="16" sc="9" el="16" ec="9" bec="0" bev="0" fileid="2" />
                <SequencePoint vc="38" uspid="1027" ordinal="0" offset="15" sl="18" sc="9" el="18" ec="9" bec="0" bev="0" fileid="2" />
                <SequencePoint vc="38" uspid="1028" ordinal="0" offset="27" sl="19" sc="9" el="19" ec="9" bec="0" bev="0" fileid="2" />
                <SequencePoint vc="0" uspid="1029" ordinal="0" offset="43" sl="20" sc="13" el="20" ec="13" bec="0" bev="0" fileid="2" />
                <SequencePoint vc="38" uspid="1030" ordinal="0" offset="70" sl="22" sc="9" el="22" ec="9" bec="0" bev="0" fileid="2" />
                <SequencePoint vc="38" uspid="1031" ordinal="0" offset="89" sl="23" sc="9" el="23" ec="9" bec="0" bev="0" fileid="2" />
                <SequencePoint vc="38" uspid="1032" ordinal="0" offset="108" sl="25" sc="9" el="25" ec="9" bec="0" bev="0" fileid="2" />
                <SequencePoint vc="38" uspid="1033" ordinal="0" offset="121" sl="26" sc="9" el="26" ec="9" bec="0" bev="0" fileid="2" />
                <SequencePoint vc="38" uspid="1034" ordinal="0" offset="134" sl="27" sc="5" el="27" ec="5" bec="0" bev="0" fileid="2" />
              </SequencePoints>
              <BranchPoints />
            </Method>
            <Method visited="true" cyclomaticComplexity="0" nPathComplexity="0" sequenceCoverage="100.0" branchCoverage="0" crapScore="0" isConstructor="false" isStatic="false" isGetter="false" isSetter="false">
              <Summary numSequencePoints="7" visitedSequencePoints="7" numBranchPoints="0" visitedBranchPoints="0" sequenceCoverage="100.0" branchCoverage="0" maxCyclomaticComplexity="0" minCyclomaticComplexity="0" maxCrapScore="0" minCrapScore="0" visitedClasses="0" numClasses="0" visitedMethods="1" numMethods="1" />
              <MetadataToken>100663308</MetadataToken>
              <Name>System.Void CellView::OnDestroy()</Name>
              <FileRef uid="2" />
              <SequencePoints>
                <SequencePoint vc="51" uspid="1035" ordinal="0" offset="0" sl="30" sc="5" el="30" ec="5" bec="0" bev="0" fileid="2" />
                <SequencePoint vc="51" uspid="1036" ordinal="0" offset="1" sl="31" sc="9" el="31" ec="9" bec="0" bev="0" fileid="2" />
                <SequencePoint vc="38" uspid="1037" ordinal="0" offset="14" sl="32" sc="9" el="32" ec="9" bec="0" bev="0" fileid="2" />
                <SequencePoint vc="38" uspid="1038" ordinal="0" offset="15" sl="33" sc="13" el="33" ec="13" bec="0" bev="0" fileid="2" />
                <SequencePoint vc="38" uspid="1039" ordinal="0" offset="39" sl="34" sc="13" el="34" ec="13" bec="0" bev="0" fileid="2" />
                <SequencePoint vc="38" uspid="1040" ordinal="0" offset="63" sl="35" sc="9" el="35" ec="9" bec="0" bev="0" fileid="2" />
                <SequencePoint vc="51" uspid="1041" ordinal="0" offset="64" sl="36" sc="5" el="36" ec="5" bec="0" bev="0" fileid="2" />
              </SequencePoints>
              <BranchPoints />
            </Method>
            <Method visited="true" cyclomaticComplexity="0" nPathComplexity="0" sequenceCoverage="83.33" branchCoverage="0" crapScore="0" isConstructor="false" isStatic="false" isGetter="false" isSetter="false">
              <Summary numSequencePoints="6" visitedSequencePoints="5" numBranchPoints="0" visitedBranchPoints="0" sequenceCoverage="83.33" branchCoverage="0" maxCyclomaticComplexity="0" minCyclomaticComplexity="0" maxCrapScore="0" minCrapScore="0" visitedClasses="0" numClasses="0" visitedMethods="1" numMethods="1" />
              <MetadataToken>100663309</MetadataToken>
              <Name>System.Void CellView::SetBackgroundColor(UnityEngine.Color)</Name>
              <FileRef uid="2" />
              <SequencePoints>
                <SequencePoint vc="35" uspid="1042" ordinal="0" offset="0" sl="39" sc="5" el="39" ec="5" bec="0" bev="0" fileid="2" />
                <SequencePoint vc="35" uspid="1043" ordinal="0" offset="1" sl="40" sc="9" el="40" ec="9" bec="0" bev="0" fileid="2" />
                <SequencePoint vc="0" uspid="1044" ordinal="0" offset="17" sl="41" sc="13" el="41" ec="13" bec="0" bev="0" fileid="2" />
                <SequencePoint vc="35" uspid="1045" ordinal="0" offset="29" sl="42" sc="9" el="42" ec="9" bec="0" bev="0" fileid="2" />
                <SequencePoint vc="35" uspid="1046" ordinal="0" offset="45" sl="43" sc="13" el="43" ec="13" bec="0" bev="0" fileid="2" />
                <SequencePoint vc="35" uspid="1047" ordinal="0" offset="58" sl="44" sc="5" el="44" ec="5" bec="0" bev="0" fileid="2" />
              </SequencePoints>
              <BranchPoints />
            </Method>
            <Method visited="true" cyclomaticComplexity="0" nPathComplexity="0" sequenceCoverage="100.0" branchCoverage="0" crapScore="0" isConstructor="false" isStatic="false" isGetter="false" isSetter="false">
              <Summary numSequencePoints="8" visitedSequencePoints="8" numBranchPoints="0" visitedBranchPoints="0" sequenceCoverage="100.0" branchCoverage="0" maxCyclomaticComplexity="0" minCyclomaticComplexity="0" maxCrapScore="0" minCrapScore="0" visitedClasses="0" numClasses="0" visitedMethods="1" numMethods="1" />
              <MetadataToken>100663310</MetadataToken>
              <Name>System.Void CellView::UpdateValue(System.Int32)</Name>
              <FileRef uid="2" />
              <SequencePoints>
                <SequencePoint vc="39" uspid="1048" ordinal="0" offset="0" sl="47" sc="5" el="47" ec="5" bec="0" bev="0" fileid="2" />
                <SequencePoint vc="39" uspid="1049" ordinal="0" offset="1" sl="48" sc="9" el="48" ec="9" bec="0" bev="0" fileid="2" />
                <SequencePoint vc="39" uspid="1050" ordinal="0" offset="20" sl="49" sc="9" el="49" ec="9" bec="0" bev="0" fileid="2" />
                <SequencePoint vc="39" uspid="1051" ordinal="0" offset="33" sl="52" sc="9" el="52" ec="9" bec="0" bev="0" fileid="2" />
                <SequencePoint vc="39" uspid="1052" ordinal="0" offset="49" sl="53" sc="9" el="53" ec="9" bec="0" bev="0" fileid="2" />
                <SequencePoint vc="39" uspid="1053" ordinal="0" offset="50" sl="54" sc="13" el="54" ec="13" bec="0" bev="0" fileid="2" />
                <SequencePoint vc="39" uspid="1054" ordinal="0" offset="63" sl="55" sc="9" el="55" ec="9" bec="0" bev="0" fileid="2" />
                <SequencePoint vc="39" uspid="1055" ordinal="0" offset="64" sl="56" sc="5" el="56" ec="5" bec="0" bev="0" fileid="2" />
              </SequencePoints>
              <BranchPoints />
            </Method>
            <Method visited="true" cyclomaticComplexity="0" nPathComplexity="0" sequenceCoverage="82.35" branchCoverage="0" crapScore="0" isConstructor="false" isStatic="false" isGetter="false" isSetter="false">
              <Summary numSequencePoints="17" visitedSequencePoints="14" numBranchPoints="0" visitedBranchPoints="0" sequenceCoverage="82.35" branchCoverage="0" maxCyclomaticComplexity="0" minCyclomaticComplexity="0" maxCrapScore="0" minCrapScore="0" visitedClasses="0" numClasses="0" visitedMethods="1" numMethods="1" />
              <MetadataToken>100663311</MetadataToken>
              <Name>System.Void CellView::UpdatePosition(UnityEngine.Vector2Int)</Name>
              <FileRef uid="2" />
              <SequencePoints>
                <SequencePoint vc="38" uspid="1056" ordinal="0" offset="0" sl="59" sc="5" el="59" ec="5" bec="0" bev="0" fileid="2" />
                <SequencePoint vc="38" uspid="1057" ordinal="0" offset="1" sl="60" sc="9" el="60" ec="9" bec="0" bev="0" fileid="2" />
                <SequencePoint vc="38" uspid="1058" ordinal="0" offset="14" sl="61" sc="9" el="61" ec="9" bec="0" bev="0" fileid="2" />
                <SequencePoint vc="0" uspid="1059" ordinal="0" offset="25" sl="62" sc="9" el="62" ec="9" bec="0" bev="0" fileid="2" />
                <SequencePoint vc="0" uspid="1060" ordinal="0" offset="26" sl="63" sc="13" el="63" ec="13" bec="0" bev="0" fileid="2" />
                <SequencePoint vc="0" uspid="1061" ordinal="0" offset="57" sl="64" sc="13" el="64" ec="13" bec="0" bev="0" fileid="2" />
                <SequencePoint vc="38" uspid="1062" ordinal="0" offset="59" sl="66" sc="9" el="66" ec="9" bec="0" bev="0" fileid="2" />
                <SequencePoint vc="38" uspid="1063" ordinal="0" offset="73" sl="67" sc="9" el="67" ec="9" bec="0" bev="0" fileid="2" />
                <SequencePoint vc="38" uspid="1064" ordinal="0" offset="80" sl="68" sc="9" el="68" ec="9" bec="0" bev="0" fileid="2" />
                <SequencePoint vc="38" uspid="1065" ordinal="0" offset="93" sl="69" sc="9" el="69" ec="9" bec="0" bev="0" fileid="2" />
                <SequencePoint vc="38" uspid="1066" ordinal="0" offset="94" sl="70" sc="13" el="70" ec="13" bec="0" bev="0" fileid="2" />
                <SequencePoint vc="38" uspid="1067" ordinal="0" offset="106" sl="71" sc="13" el="71" ec="13" bec="0" bev="0" fileid="2" />
                <SequencePoint vc="38" uspid="1068" ordinal="0" offset="118" sl="72" sc="13" el="72" ec="13" bec="0" bev="0" fileid="2" />
                <SequencePoint vc="38" uspid="1069" ordinal="0" offset="130" sl="73" sc="13" el="73" ec="13" bec="0" bev="0" fileid="2" />
                <SequencePoint vc="38" uspid="1070" ordinal="0" offset="142" sl="74" sc="13" el="74" ec="13" bec="0" bev="0" fileid="2" />
                <SequencePoint vc="38" uspid="1071" ordinal="0" offset="154" sl="75" sc="9" el="75" ec="9" bec="0" bev="0" fileid="2" />
                <SequencePoint vc="38" uspid="1072" ordinal="0" offset="155" sl="76" sc="5" el="76" ec="5" bec="0" bev="0" fileid="2" />
              </SequencePoints>
              <BranchPoints />
            </Method>
          </Methods>
        </Class>
        <Class>
          <Summary numSequencePoints="443" visitedSequencePoints="317" numBranchPoints="0" visitedBranchPoints="0" sequenceCoverage="71.56" branchCoverage="0.0" maxCyclomaticComplexity="0" minCyclomaticComplexity="0" maxCrapScore="0" minCrapScore="0" visitedClasses="1" numClasses="1" visitedMethods="19" numMethods="19" />
          <FullName>GameField</FullName>
          <Methods>
            <Method visited="true" cyclomaticComplexity="0" nPathComplexity="0" sequenceCoverage="100.0" branchCoverage="0" crapScore="0" isConstructor="false" isStatic="false" isGetter="true" isSetter="false">
              <Summary numSequencePoints="1" visitedSequencePoints="1" numBranchPoints="0" visitedBranchPoints="0" sequenceCoverage="100.0" branchCoverage="0" maxCyclomaticComplexity="0" minCyclomaticComplexity="0" maxCrapScore="0" minCrapScore="0" visitedClasses="0" numClasses="0" visitedMethods="1" numMethods="1" />
              <MetadataToken>100663313</MetadataToken>
              <Name>System.String GameField::get_saveFilePath()</Name>
              <FileRef uid="3" />
              <SequencePoints>
                <SequencePoint vc="24" uspid="1073" ordinal="0" offset="0" sl="36" sc="36" el="36" ec="36" bec="0" bev="0" fileid="3" />
              </SequencePoints>
              <BranchPoints />
            </Method>
            <Method visited="true" cyclomaticComplexity="0" nPathComplexity="0" sequenceCoverage="100.0" branchCoverage="0" crapScore="0" isConstructor="false" isStatic="false" isGetter="false" isSetter="false">
              <Summary numSequencePoints="2" visitedSequencePoints="2" numBranchPoints="0" visitedBranchPoints="0" sequenceCoverage="100.0" branchCoverage="0" maxCyclomaticComplexity="0" minCyclomaticComplexity="0" maxCrapScore="0" minCrapScore="0" visitedClasses="0" numClasses="0" visitedMethods="1" numMethods="1" />
              <MetadataToken>100663314</MetadataToken>
              <Name>System.Void GameField::Awake()</Name>
              <FileRef uid="3" />
              <SequencePoints>
                <SequencePoint vc="22" uspid="1074" ordinal="0" offset="0" sl="39" sc="5" el="39" ec="5" bec="0" bev="0" fileid="3" />
                <SequencePoint vc="22" uspid="1075" ordinal="0" offset="1" sl="42" sc="5" el="42" ec="5" bec="0" bev="0" fileid="3" />
              </SequencePoints>
              <BranchPoints />
            </Method>
            <Method visited="true" cyclomaticComplexity="0" nPathComplexity="0" sequenceCoverage="100.0" branchCoverage="0" crapScore="0" isConstructor="false" isStatic="false" isGetter="false" isSetter="false">
              <Summary numSequencePoints="37" visitedSequencePoints="37" numBranchPoints="0" visitedBranchPoints="0" sequenceCoverage="100.0" branchCoverage="0" maxCyclomaticComplexity="0" minCyclomaticComplexity="0" maxCrapScore="0" minCrapScore="0" visitedClasses="0" numClasses="0" visitedMethods="1" numMethods="1" />
              <MetadataToken>100663315</MetadataToken>
              <Name>System.Void GameField::Start()</Name>
              <FileRef uid="3" />
              <SequencePoints>
                <SequencePoint vc="17" uspid="1076" ordinal="0" offset="0" sl="45" sc="5" el="45" ec="5" bec="0" bev="0" fileid="3" />
                <SequencePoint vc="17" uspid="1077" ordinal="0" offset="1" sl="46" sc="9" el="46" ec="9" bec="0" bev="0" fileid="3" />
                <SequencePoint vc="17" uspid="1078" ordinal="0" offset="24" sl="47" sc="9" el="47" ec="9" bec="0" bev="0" fileid="3" />
                <SequencePoint vc="17" uspid="1079" ordinal="0" offset="47" sl="49" sc="9" el="49" ec="9" bec="0" bev="0" fileid="3" />
                <SequencePoint vc="17" uspid="1080" ordinal="0" offset="49" sl="50" sc="14" el="50" ec="14" bec="0" bev="0" fileid="3" />
                <SequencePoint vc="44" uspid="1081" ordinal="0" offset="53" sl="51" sc="9" el="51" ec="9" bec="0" bev="0" fileid="3" />
                <SequencePoint vc="44" uspid="1082" ordinal="0" offset="54" sl="52" sc="18" el="52" ec="18" bec="0" bev="0" fileid="3" />
                <SequencePoint vc="152" uspid="1083" ordinal="0" offset="58" sl="53" sc="13" el="53" ec="13" bec="0" bev="0" fileid="3" />
                <SequencePoint vc="152" uspid="1084" ordinal="0" offset="59" sl="54" sc="17" el="54" ec="17" bec="0" bev="0" fileid="3" />
                <SequencePoint vc="152" uspid="1085" ordinal="0" offset="84" sl="55" sc="17" el="55" ec="17" bec="0" bev="0" fileid="3" />
                <SequencePoint vc="152" uspid="1086" ordinal="0" offset="88" sl="56" sc="13" el="56" ec="13" bec="0" bev="0" fileid="3" />
                <SequencePoint vc="152" uspid="1087" ordinal="0" offset="89" sl="52" sc="44" el="52" ec="44" bec="0" bev="0" fileid="3" />
                <SequencePoint vc="196" uspid="1088" ordinal="0" offset="93" sl="52" sc="29" el="52" ec="29" bec="0" bev="0" fileid="3" />
                <SequencePoint vc="44" uspid="1089" ordinal="0" offset="106" sl="57" sc="9" el="57" ec="9" bec="0" bev="0" fileid="3" />
                <SequencePoint vc="44" uspid="1090" ordinal="0" offset="107" sl="50" sc="40" el="50" ec="40" bec="0" bev="0" fileid="3" />
                <SequencePoint vc="61" uspid="1091" ordinal="0" offset="111" sl="50" sc="25" el="50" ec="25" bec="0" bev="0" fileid="3" />
                <SequencePoint vc="17" uspid="1092" ordinal="0" offset="126" sl="59" sc="9" el="59" ec="9" bec="0" bev="0" fileid="3" />
                <SequencePoint vc="17" uspid="1093" ordinal="0" offset="133" sl="61" sc="9" el="61" ec="9" bec="0" bev="0" fileid="3" />
                <SequencePoint vc="17" uspid="1094" ordinal="0" offset="151" sl="62" sc="9" el="62" ec="9" bec="0" bev="0" fileid="3" />
                <SequencePoint vc="17" uspid="1095" ordinal="0" offset="152" sl="63" sc="13" el="63" ec="13" bec="0" bev="0" fileid="3" />
                <SequencePoint vc="17" uspid="1096" ordinal="0" offset="165" sl="64" sc="9" el="64" ec="9" bec="0" bev="0" fileid="3" />
                <SequencePoint vc="17" uspid="1097" ordinal="0" offset="166" sl="67" sc="9" el="67" ec="9" bec="0" bev="0" fileid="3" />
                <SequencePoint vc="13" uspid="1098" ordinal="0" offset="186" sl="68" sc="9" el="68" ec="9" bec="0" bev="0" fileid="3" />
                <SequencePoint vc="13" uspid="1099" ordinal="0" offset="187" sl="69" sc="13" el="69" ec="13" bec="0" bev="0" fileid="3" />
                <SequencePoint vc="13" uspid="1100" ordinal="0" offset="194" sl="70" sc="13" el="70" ec="13" bec="0" bev="0" fileid="3" />
                <SequencePoint vc="13" uspid="1101" ordinal="0" offset="201" sl="71" sc="13" el="71" ec="13" bec="0" bev="0" fileid="3" />
                <SequencePoint vc="13" uspid="1102" ordinal="0" offset="208" sl="72" sc="13" el="72" ec="13" bec="0" bev="0" fileid="3" />
                <SequencePoint vc="13" uspid="1103" ordinal="0" offset="215" sl="73" sc="9" el="73" ec="9" bec="0" bev="0" fileid="3" />
                <SequencePoint vc="17" uspid="1104" ordinal="0" offset="216" sl="75" sc="9" el="75" ec="9" bec="0" bev="0" fileid="3" />
                <SequencePoint vc="17" uspid="1105" ordinal="0" offset="227" sl="76" sc="9" el="76" ec="9" bec="0" bev="0" fileid="3" />
                <SequencePoint vc="9" uspid="1106" ordinal="0" offset="245" sl="77" sc="9" el="77" ec="9" bec="0" bev="0" fileid="3" />
                <SequencePoint vc="9" uspid="1107" ordinal="0" offset="246" sl="78" sc="13" el="78" ec="13" bec="0" bev="0" fileid="3" />
                <SequencePoint vc="9" uspid="1108" ordinal="0" offset="270" sl="79" sc="9" el="79" ec="9" bec="0" bev="0" fileid="3" />
                <SequencePoint vc="8" uspid="1109" ordinal="0" offset="273" sl="81" sc="9" el="81" ec="9" bec="0" bev="0" fileid="3" />
                <SequencePoint vc="8" uspid="1110" ordinal="0" offset="274" sl="82" sc="13" el="82" ec="13" bec="0" bev="0" fileid="3" />
                <SequencePoint vc="8" uspid="1111" ordinal="0" offset="285" sl="83" sc="9" el="83" ec="9" bec="0" bev="0" fileid="3" />
                <SequencePoint vc="17" uspid="1112" ordinal="0" offset="286" sl="84" sc="5" el="84" ec="5" bec="0" bev="0" fileid="3" />
              </SequencePoints>
              <BranchPoints />
            </Method>
            <Method visited="true" cyclomaticComplexity="0" nPathComplexity="0" sequenceCoverage="28.38" branchCoverage="0" crapScore="0" isConstructor="false" isStatic="false" isGetter="false" isSetter="false">
              <Summary numSequencePoints="148" visitedSequencePoints="42" numBranchPoints="0" visitedBranchPoints="0" sequenceCoverage="28.38" branchCoverage="0" maxCyclomaticComplexity="0" minCyclomaticComplexity="0" maxCrapScore="0" minCrapScore="0" visitedClasses="0" numClasses="0" visitedMethods="1" numMethods="1" />
              <MetadataToken>100663318</MetadataToken>
              <Name>System.Void GameField::MoveCells(UnityEngine.Vector2Int)</Name>
              <FileRef uid="3" />
              <SequencePoints>
                <SequencePoint vc="2" uspid="1121" ordinal="0" offset="0" sl="102" sc="5" el="102" ec="5" bec="0" bev="0" fileid="3" />
                <SequencePoint vc="2" uspid="1122" ordinal="0" offset="1" sl="103" sc="9" el="103" ec="9" bec="0" bev="0" fileid="3" />
                <SequencePoint vc="2" uspid="1123" ordinal="0" offset="3" sl="105" sc="9" el="105" ec="9" bec="0" bev="0" fileid="3" />
                <SequencePoint vc="0" uspid="1124" ordinal="0" offset="13" sl="106" sc="13" el="106" ec="13" bec="0" bev="0" fileid="3" />
                <SequencePoint vc="2" uspid="1125" ordinal="0" offset="18" sl="108" sc="9" el="108" ec="9" bec="0" bev="0" fileid="3" />
                <SequencePoint vc="2" uspid="1126" ordinal="0" offset="36" sl="109" sc="9" el="109" ec="9" bec="0" bev="0" fileid="3" />
                <SequencePoint vc="2" uspid="1127" ordinal="0" offset="37" sl="110" sc="18" el="110" ec="18" bec="0" bev="0" fileid="3" />
                <SequencePoint vc="8" uspid="1128" ordinal="0" offset="44" sl="111" sc="13" el="111" ec="13" bec="0" bev="0" fileid="3" />
                <SequencePoint vc="8" uspid="1129" ordinal="0" offset="45" sl="112" sc="17" el="112" ec="17" bec="0" bev="0" fileid="3" />
                <SequencePoint vc="8" uspid="1130" ordinal="0" offset="52" sl="113" sc="22" el="113" ec="22" bec="0" bev="0" fileid="3" />
                <SequencePoint vc="32" uspid="1131" ordinal="0" offset="57" sl="114" sc="17" el="114" ec="17" bec="0" bev="0" fileid="3" />
                <SequencePoint vc="32" uspid="1132" ordinal="0" offset="58" sl="115" sc="21" el="115" ec="21" bec="0" bev="0" fileid="3" />
                <SequencePoint vc="18" uspid="1133" ordinal="0" offset="81" sl="116" sc="25" el="116" ec="25" bec="0" bev="0" fileid="3" />
                <SequencePoint vc="32" uspid="1134" ordinal="0" offset="103" sl="117" sc="17" el="117" ec="17" bec="0" bev="0" fileid="3" />
                <SequencePoint vc="32" uspid="1135" ordinal="0" offset="104" sl="113" sc="48" el="113" ec="48" bec="0" bev="0" fileid="3" />
                <SequencePoint vc="40" uspid="1136" ordinal="0" offset="110" sl="113" sc="33" el="113" ec="33" bec="0" bev="0" fileid="3" />
                <SequencePoint vc="8" uspid="1137" ordinal="0" offset="126" sl="119" sc="17" el="119" ec="17" bec="0" bev="0" fileid="3" />
                <SequencePoint vc="8" uspid="1138" ordinal="0" offset="136" sl="121" sc="22" el="121" ec="22" bec="0" bev="0" fileid="3" />
                <SequencePoint vc="32" uspid="1139" ordinal="0" offset="141" sl="122" sc="21" el="122" ec="21" bec="0" bev="0" fileid="3" />
                <SequencePoint vc="32" uspid="1140" ordinal="0" offset="156" sl="121" sc="48" el="121" ec="48" bec="0" bev="0" fileid="3" />
                <SequencePoint vc="40" uspid="1141" ordinal="0" offset="162" sl="121" sc="33" el="121" ec="33" bec="0" bev="0" fileid="3" />
                <SequencePoint vc="8" uspid="1142" ordinal="0" offset="178" sl="124" sc="22" el="124" ec="22" bec="0" bev="0" fileid="3" />
                <SequencePoint vc="17" uspid="1143" ordinal="0" offset="183" sl="125" sc="17" el="125" ec="17" bec="0" bev="0" fileid="3" />
                <SequencePoint vc="17" uspid="1144" ordinal="0" offset="184" sl="126" sc="21" el="126" ec="21" bec="0" bev="0" fileid="3" />
                <SequencePoint vc="17" uspid="1145" ordinal="0" offset="207" sl="127" sc="21" el="127" ec="21" bec="0" bev="0" fileid="3" />
                <SequencePoint vc="17" uspid="1146" ordinal="0" offset="217" sl="128" sc="21" el="128" ec="21" bec="0" bev="0" fileid="3" />
                <SequencePoint vc="1" uspid="1147" ordinal="0" offset="244" sl="129" sc="21" el="129" ec="21" bec="0" bev="0" fileid="3" />
                <SequencePoint vc="1" uspid="1148" ordinal="0" offset="245" sl="130" sc="25" el="130" ec="25" bec="0" bev="0" fileid="3" />
                <SequencePoint vc="1" uspid="1149" ordinal="0" offset="262" sl="131" sc="25" el="131" ec="25" bec="0" bev="0" fileid="3" />
                <SequencePoint vc="1" uspid="1150" ordinal="0" offset="264" sl="132" sc="21" el="132" ec="21" bec="0" bev="0" fileid="3" />
                <SequencePoint vc="17" uspid="1151" ordinal="0" offset="265" sl="133" sc="17" el="133" ec="17" bec="0" bev="0" fileid="3" />
                <SequencePoint vc="17" uspid="1152" ordinal="0" offset="266" sl="124" sc="54" el="124" ec="54" bec="0" bev="0" fileid="3" />
                <SequencePoint vc="25" uspid="1153" ordinal="0" offset="272" sl="124" sc="33" el="124" ec="33" bec="0" bev="0" fileid="3" />
                <SequencePoint vc="8" uspid="1154" ordinal="0" offset="289" sl="134" sc="13" el="134" ec="13" bec="0" bev="0" fileid="3" />
                <SequencePoint vc="8" uspid="1155" ordinal="0" offset="290" sl="110" sc="44" el="110" ec="44" bec="0" bev="0" fileid="3" />
                <SequencePoint vc="10" uspid="1156" ordinal="0" offset="294" sl="110" sc="29" el="110" ec="29" bec="0" bev="0" fileid="3" />
                <SequencePoint vc="2" uspid="1157" ordinal="0" offset="312" sl="135" sc="9" el="135" ec="9" bec="0" bev="0" fileid="3" />
                <SequencePoint vc="0" uspid="1158" ordinal="0" offset="318" sl="136" sc="14" el="136" ec="14" bec="0" bev="0" fileid="3" />
                <SequencePoint vc="0" uspid="1159" ordinal="0" offset="338" sl="137" sc="9" el="137" ec="9" bec="0" bev="0" fileid="3" />
                <SequencePoint vc="0" uspid="1160" ordinal="0" offset="339" sl="138" sc="18" el="138" ec="18" bec="0" bev="0" fileid="3" />
                <SequencePoint vc="0" uspid="1161" ordinal="0" offset="347" sl="139" sc="13" el="139" ec="13" bec="0" bev="0" fileid="3" />
                <SequencePoint vc="0" uspid="1162" ordinal="0" offset="348" sl="140" sc="17" el="140" ec="17" bec="0" bev="0" fileid="3" />
                <SequencePoint vc="0" uspid="1163" ordinal="0" offset="355" sl="141" sc="22" el="141" ec="22" bec="0" bev="0" fileid="3" />
                <SequencePoint vc="0" uspid="1164" ordinal="0" offset="367" sl="142" sc="17" el="142" ec="17" bec="0" bev="0" fileid="3" />
                <SequencePoint vc="0" uspid="1165" ordinal="0" offset="368" sl="143" sc="21" el="143" ec="21" bec="0" bev="0" fileid="3" />
                <SequencePoint vc="0" uspid="1166" ordinal="0" offset="392" sl="144" sc="25" el="144" ec="25" bec="0" bev="0" fileid="3" />
                <SequencePoint vc="0" uspid="1167" ordinal="0" offset="415" sl="145" sc="17" el="145" ec="17" bec="0" bev="0" fileid="3" />
                <SequencePoint vc="0" uspid="1168" ordinal="0" offset="416" sl="141" sc="53" el="141" ec="53" bec="0" bev="0" fileid="3" />
                <SequencePoint vc="0" uspid="1169" ordinal="0" offset="422" sl="141" sc="45" el="141" ec="45" bec="0" bev="0" fileid="3" />
                <SequencePoint vc="0" uspid="1170" ordinal="0" offset="436" sl="147" sc="17" el="147" ec="17" bec="0" bev="0" fileid="3" />
                <SequencePoint vc="0" uspid="1171" ordinal="0" offset="446" sl="148" sc="17" el="148" ec="17" bec="0" bev="0" fileid="3" />
                <SequencePoint vc="0" uspid="1172" ordinal="0" offset="454" sl="150" sc="22" el="150" ec="22" bec="0" bev="0" fileid="3" />
                <SequencePoint vc="0" uspid="1173" ordinal="0" offset="459" sl="151" sc="21" el="151" ec="21" bec="0" bev="0" fileid="3" />
                <SequencePoint vc="0" uspid="1174" ordinal="0" offset="475" sl="150" sc="48" el="150" ec="48" bec="0" bev="0" fileid="3" />
                <SequencePoint vc="0" uspid="1175" ordinal="0" offset="481" sl="150" sc="33" el="150" ec="33" bec="0" bev="0" fileid="3" />
                <SequencePoint vc="0" uspid="1176" ordinal="0" offset="497" sl="153" sc="17" el="153" ec="17" bec="0" bev="0" fileid="3" />
                <SequencePoint vc="0" uspid="1177" ordinal="0" offset="506" sl="154" sc="22" el="154" ec="22" bec="0" bev="0" fileid="3" />
                <SequencePoint vc="0" uspid="1178" ordinal="0" offset="511" sl="155" sc="17" el="155" ec="17" bec="0" bev="0" fileid="3" />
                <SequencePoint vc="0" uspid="1179" ordinal="0" offset="512" sl="156" sc="21" el="156" ec="21" bec="0" bev="0" fileid="3" />
                <SequencePoint vc="0" uspid="1180" ordinal="0" offset="526" sl="157" sc="21" el="157" ec="21" bec="0" bev="0" fileid="3" />
                <SequencePoint vc="0" uspid="1181" ordinal="0" offset="550" sl="158" sc="21" el="158" ec="21" bec="0" bev="0" fileid="3" />
                <SequencePoint vc="0" uspid="1182" ordinal="0" offset="561" sl="159" sc="21" el="159" ec="21" bec="0" bev="0" fileid="3" />
                <SequencePoint vc="0" uspid="1183" ordinal="0" offset="588" sl="160" sc="21" el="160" ec="21" bec="0" bev="0" fileid="3" />
                <SequencePoint vc="0" uspid="1184" ordinal="0" offset="589" sl="161" sc="25" el="161" ec="25" bec="0" bev="0" fileid="3" />
                <SequencePoint vc="0" uspid="1185" ordinal="0" offset="606" sl="162" sc="25" el="162" ec="25" bec="0" bev="0" fileid="3" />
                <SequencePoint vc="0" uspid="1186" ordinal="0" offset="608" sl="163" sc="21" el="163" ec="21" bec="0" bev="0" fileid="3" />
                <SequencePoint vc="0" uspid="1187" ordinal="0" offset="609" sl="164" sc="17" el="164" ec="17" bec="0" bev="0" fileid="3" />
                <SequencePoint vc="0" uspid="1188" ordinal="0" offset="610" sl="154" sc="44" el="154" ec="44" bec="0" bev="0" fileid="3" />
                <SequencePoint vc="0" uspid="1189" ordinal="0" offset="616" sl="154" sc="33" el="154" ec="33" bec="0" bev="0" fileid="3" />
                <SequencePoint vc="0" uspid="1190" ordinal="0" offset="628" sl="165" sc="13" el="165" ec="13" bec="0" bev="0" fileid="3" />
                <SequencePoint vc="0" uspid="1191" ordinal="0" offset="629" sl="138" sc="44" el="138" ec="44" bec="0" bev="0" fileid="3" />
                <SequencePoint vc="0" uspid="1192" ordinal="0" offset="635" sl="138" sc="29" el="138" ec="29" bec="0" bev="0" fileid="3" />
                <SequencePoint vc="0" uspid="1193" ordinal="0" offset="654" sl="166" sc="9" el="166" ec="9" bec="0" bev="0" fileid="3" />
                <SequencePoint vc="0" uspid="1194" ordinal="0" offset="660" sl="167" sc="14" el="167" ec="14" bec="0" bev="0" fileid="3" />
                <SequencePoint vc="0" uspid="1195" ordinal="0" offset="680" sl="168" sc="9" el="168" ec="9" bec="0" bev="0" fileid="3" />
                <SequencePoint vc="0" uspid="1196" ordinal="0" offset="681" sl="169" sc="18" el="169" ec="18" bec="0" bev="0" fileid="3" />
                <SequencePoint vc="0" uspid="1197" ordinal="0" offset="689" sl="170" sc="13" el="170" ec="13" bec="0" bev="0" fileid="3" />
                <SequencePoint vc="0" uspid="1198" ordinal="0" offset="690" sl="171" sc="17" el="171" ec="17" bec="0" bev="0" fileid="3" />
                <SequencePoint vc="0" uspid="1199" ordinal="0" offset="697" sl="172" sc="22" el="172" ec="22" bec="0" bev="0" fileid="3" />
                <SequencePoint vc="0" uspid="1200" ordinal="0" offset="702" sl="173" sc="17" el="173" ec="17" bec="0" bev="0" fileid="3" />
                <SequencePoint vc="0" uspid="1201" ordinal="0" offset="703" sl="174" sc="21" el="174" ec="21" bec="0" bev="0" fileid="3" />
                <SequencePoint vc="0" uspid="1202" ordinal="0" offset="727" sl="175" sc="25" el="175" ec="25" bec="0" bev="0" fileid="3" />
                <SequencePoint vc="0" uspid="1203" ordinal="0" offset="750" sl="176" sc="17" el="176" ec="17" bec="0" bev="0" fileid="3" />
                <SequencePoint vc="0" uspid="1204" ordinal="0" offset="751" sl="172" sc="48" el="172" ec="48" bec="0" bev="0" fileid="3" />
                <SequencePoint vc="0" uspid="1205" ordinal="0" offset="757" sl="172" sc="33" el="172" ec="33" bec="0" bev="0" fileid="3" />
                <SequencePoint vc="0" uspid="1206" ordinal="0" offset="773" sl="178" sc="17" el="178" ec="17" bec="0" bev="0" fileid="3" />
                <SequencePoint vc="0" uspid="1207" ordinal="0" offset="783" sl="180" sc="22" el="180" ec="22" bec="0" bev="0" fileid="3" />
                <SequencePoint vc="0" uspid="1208" ordinal="0" offset="788" sl="181" sc="21" el="181" ec="21" bec="0" bev="0" fileid="3" />
                <SequencePoint vc="0" uspid="1209" ordinal="0" offset="804" sl="180" sc="48" el="180" ec="48" bec="0" bev="0" fileid="3" />
                <SequencePoint vc="0" uspid="1210" ordinal="0" offset="810" sl="180" sc="33" el="180" ec="33" bec="0" bev="0" fileid="3" />
                <SequencePoint vc="0" uspid="1211" ordinal="0" offset="826" sl="183" sc="22" el="183" ec="22" bec="0" bev="0" fileid="3" />
                <SequencePoint vc="0" uspid="1212" ordinal="0" offset="831" sl="184" sc="17" el="184" ec="17" bec="0" bev="0" fileid="3" />
                <SequencePoint vc="0" uspid="1213" ordinal="0" offset="832" sl="185" sc="21" el="185" ec="21" bec="0" bev="0" fileid="3" />
                <SequencePoint vc="0" uspid="1214" ordinal="0" offset="856" sl="186" sc="21" el="186" ec="21" bec="0" bev="0" fileid="3" />
                <SequencePoint vc="0" uspid="1215" ordinal="0" offset="867" sl="187" sc="21" el="187" ec="21" bec="0" bev="0" fileid="3" />
                <SequencePoint vc="0" uspid="1216" ordinal="0" offset="894" sl="188" sc="21" el="188" ec="21" bec="0" bev="0" fileid="3" />
                <SequencePoint vc="0" uspid="1217" ordinal="0" offset="895" sl="189" sc="25" el="189" ec="25" bec="0" bev="0" fileid="3" />
                <SequencePoint vc="0" uspid="1218" ordinal="0" offset="912" sl="190" sc="25" el="190" ec="25" bec="0" bev="0" fileid="3" />
                <SequencePoint vc="0" uspid="1219" ordinal="0" offset="914" sl="191" sc="21" el="191" ec="21" bec="0" bev="0" fileid="3" />
                <SequencePoint vc="0" uspid="1220" ordinal="0" offset="915" sl="192" sc="17" el="192" ec="17" bec="0" bev="0" fileid="3" />
                <SequencePoint vc="0" uspid="1221" ordinal="0" offset="916" sl="183" sc="54" el="183" ec="54" bec="0" bev="0" fileid="3" />
                <SequencePoint vc="0" uspid="1222" ordinal="0" offset="922" sl="183" sc="33" el="183" ec="33" bec="0" bev="0" fileid="3" />
                <SequencePoint vc="0" uspid="1223" ordinal="0" offset="939" sl="193" sc="13" el="193" ec="13" bec="0" bev="0" fileid="3" />
                <SequencePoint vc="0" uspid="1224" ordinal="0" offset="940" sl="169" sc="44" el="169" ec="44" bec="0" bev="0" fileid="3" />
                <SequencePoint vc="0" uspid="1225" ordinal="0" offset="946" sl="169" sc="29" el="169" ec="29" bec="0" bev="0" fileid="3" />
                <SequencePoint vc="0" uspid="1226" ordinal="0" offset="965" sl="194" sc="9" el="194" ec="9" bec="0" bev="0" fileid="3" />
                <SequencePoint vc="0" uspid="1227" ordinal="0" offset="971" sl="195" sc="14" el="195" ec="14" bec="0" bev="0" fileid="3" />
                <SequencePoint vc="0" uspid="1228" ordinal="0" offset="991" sl="196" sc="9" el="196" ec="9" bec="0" bev="0" fileid="3" />
                <SequencePoint vc="0" uspid="1229" ordinal="0" offset="992" sl="197" sc="18" el="197" ec="18" bec="0" bev="0" fileid="3" />
                <SequencePoint vc="0" uspid="1230" ordinal="0" offset="1000" sl="198" sc="13" el="198" ec="13" bec="0" bev="0" fileid="3" />
                <SequencePoint vc="0" uspid="1231" ordinal="0" offset="1001" sl="199" sc="17" el="199" ec="17" bec="0" bev="0" fileid="3" />
                <SequencePoint vc="0" uspid="1232" ordinal="0" offset="1008" sl="200" sc="22" el="200" ec="22" bec="0" bev="0" fileid="3" />
                <SequencePoint vc="0" uspid="1233" ordinal="0" offset="1020" sl="201" sc="17" el="201" ec="17" bec="0" bev="0" fileid="3" />
                <SequencePoint vc="0" uspid="1234" ordinal="0" offset="1021" sl="202" sc="21" el="202" ec="21" bec="0" bev="0" fileid="3" />
                <SequencePoint vc="0" uspid="1235" ordinal="0" offset="1045" sl="203" sc="25" el="203" ec="25" bec="0" bev="0" fileid="3" />
                <SequencePoint vc="0" uspid="1236" ordinal="0" offset="1068" sl="204" sc="17" el="204" ec="17" bec="0" bev="0" fileid="3" />
                <SequencePoint vc="0" uspid="1237" ordinal="0" offset="1069" sl="200" sc="53" el="200" ec="53" bec="0" bev="0" fileid="3" />
                <SequencePoint vc="0" uspid="1238" ordinal="0" offset="1075" sl="200" sc="45" el="200" ec="45" bec="0" bev="0" fileid="3" />
                <SequencePoint vc="0" uspid="1239" ordinal="0" offset="1089" sl="206" sc="17" el="206" ec="17" bec="0" bev="0" fileid="3" />
                <SequencePoint vc="0" uspid="1240" ordinal="0" offset="1099" sl="207" sc="17" el="207" ec="17" bec="0" bev="0" fileid="3" />
                <SequencePoint vc="0" uspid="1241" ordinal="0" offset="1107" sl="209" sc="22" el="209" ec="22" bec="0" bev="0" fileid="3" />
                <SequencePoint vc="0" uspid="1242" ordinal="0" offset="1112" sl="210" sc="21" el="210" ec="21" bec="0" bev="0" fileid="3" />
                <SequencePoint vc="0" uspid="1243" ordinal="0" offset="1128" sl="209" sc="48" el="209" ec="48" bec="0" bev="0" fileid="3" />
                <SequencePoint vc="0" uspid="1244" ordinal="0" offset="1134" sl="209" sc="33" el="209" ec="33" bec="0" bev="0" fileid="3" />
                <SequencePoint vc="0" uspid="1245" ordinal="0" offset="1150" sl="212" sc="17" el="212" ec="17" bec="0" bev="0" fileid="3" />
                <SequencePoint vc="0" uspid="1246" ordinal="0" offset="1159" sl="213" sc="22" el="213" ec="22" bec="0" bev="0" fileid="3" />
                <SequencePoint vc="0" uspid="1247" ordinal="0" offset="1164" sl="214" sc="17" el="214" ec="17" bec="0" bev="0" fileid="3" />
                <SequencePoint vc="0" uspid="1248" ordinal="0" offset="1165" sl="215" sc="21" el="215" ec="21" bec="0" bev="0" fileid="3" />
                <SequencePoint vc="0" uspid="1249" ordinal="0" offset="1179" sl="216" sc="21" el="216" ec="21" bec="0" bev="0" fileid="3" />
                <SequencePoint vc="0" uspid="1250" ordinal="0" offset="1203" sl="217" sc="21" el="217" ec="21" bec="0" bev="0" fileid="3" />
                <SequencePoint vc="0" uspid="1251" ordinal="0" offset="1214" sl="218" sc="21" el="218" ec="21" bec="0" bev="0" fileid="3" />
                <SequencePoint vc="0" uspid="1252" ordinal="0" offset="1241" sl="219" sc="21" el="219" ec="21" bec="0" bev="0" fileid="3" />
                <SequencePoint vc="0" uspid="1253" ordinal="0" offset="1242" sl="220" sc="25" el="220" ec="25" bec="0" bev="0" fileid="3" />
                <SequencePoint vc="0" uspid="1254" ordinal="0" offset="1259" sl="221" sc="25" el="221" ec="25" bec="0" bev="0" fileid="3" />
                <SequencePoint vc="0" uspid="1255" ordinal="0" offset="1261" sl="222" sc="21" el="222" ec="21" bec="0" bev="0" fileid="3" />
                <SequencePoint vc="0" uspid="1256" ordinal="0" offset="1262" sl="223" sc="17" el="223" ec="17" bec="0" bev="0" fileid="3" />
                <SequencePoint vc="0" uspid="1257" ordinal="0" offset="1263" sl="213" sc="44" el="213" ec="44" bec="0" bev="0" fileid="3" />
                <SequencePoint vc="0" uspid="1258" ordinal="0" offset="1269" sl="213" sc="33" el="213" ec="33" bec="0" bev="0" fileid="3" />
                <SequencePoint vc="0" uspid="1259" ordinal="0" offset="1281" sl="224" sc="13" el="224" ec="13" bec="0" bev="0" fileid="3" />
                <SequencePoint vc="0" uspid="1260" ordinal="0" offset="1282" sl="197" sc="44" el="197" ec="44" bec="0" bev="0" fileid="3" />
                <SequencePoint vc="0" uspid="1261" ordinal="0" offset="1288" sl="197" sc="29" el="197" ec="29" bec="0" bev="0" fileid="3" />
                <SequencePoint vc="0" uspid="1262" ordinal="0" offset="1307" sl="225" sc="9" el="225" ec="9" bec="0" bev="0" fileid="3" />
                <SequencePoint vc="2" uspid="1263" ordinal="0" offset="1308" sl="227" sc="9" el="227" ec="9" bec="0" bev="0" fileid="3" />
                <SequencePoint vc="1" uspid="1264" ordinal="0" offset="1315" sl="228" sc="9" el="228" ec="9" bec="0" bev="0" fileid="3" />
                <SequencePoint vc="1" uspid="1265" ordinal="0" offset="1316" sl="229" sc="13" el="229" ec="13" bec="0" bev="0" fileid="3" />
                <SequencePoint vc="1" uspid="1266" ordinal="0" offset="1323" sl="230" sc="13" el="230" ec="13" bec="0" bev="0" fileid="3" />
                <SequencePoint vc="1" uspid="1267" ordinal="0" offset="1330" sl="231" sc="9" el="231" ec="9" bec="0" bev="0" fileid="3" />
                <SequencePoint vc="2" uspid="1268" ordinal="0" offset="1331" sl="232" sc="5" el="232" ec="5" bec="0" bev="0" fileid="3" />
              </SequencePoints>
              <BranchPoints />
            </Method>
            <Method visited="true" cyclomaticComplexity="0" nPathComplexity="0" sequenceCoverage="100.0" branchCoverage="0" crapScore="0" isConstructor="false" isStatic="false" isGetter="false" isSetter="false">
              <Summary numSequencePoints="23" visitedSequencePoints="23" numBranchPoints="0" visitedBranchPoints="0" sequenceCoverage="100.0" branchCoverage="0" maxCyclomaticComplexity="0" minCyclomaticComplexity="0" maxCrapScore="0" minCrapScore="0" visitedClasses="0" numClasses="0" visitedMethods="1" numMethods="1" />
              <MetadataToken>100663319</MetadataToken>
              <Name>System.Collections.Generic.List[Cell] GameField::MergeRowLeft(System.Collections.Generic.List[Cell])</Name>
              <FileRef uid="3" />
              <SequencePoints>
                <SequencePoint vc="8" uspid="1269" ordinal="0" offset="0" sl="238" sc="5" el="238" ec="5" bec="0" bev="0" fileid="3" />
                <SequencePoint vc="8" uspid="1270" ordinal="0" offset="1" sl="239" sc="9" el="239" ec="9" bec="0" bev="0" fileid="3" />
                <SequencePoint vc="8" uspid="1271" ordinal="0" offset="7" sl="241" sc="14" el="241" ec="14" bec="0" bev="0" fileid="3" />
                <SequencePoint vc="17" uspid="1272" ordinal="0" offset="11" sl="242" sc="9" el="242" ec="9" bec="0" bev="0" fileid="3" />
                <SequencePoint vc="17" uspid="1273" ordinal="0" offset="12" sl="243" sc="13" el="243" ec="13" bec="0" bev="0" fileid="3" />
                <SequencePoint vc="17" uspid="1274" ordinal="0" offset="20" sl="244" sc="13" el="244" ec="13" bec="0" bev="0" fileid="3" />
                <SequencePoint vc="13" uspid="1275" ordinal="0" offset="35" sl="245" sc="13" el="245" ec="13" bec="0" bev="0" fileid="3" />
                <SequencePoint vc="13" uspid="1276" ordinal="0" offset="36" sl="246" sc="17" el="246" ec="17" bec="0" bev="0" fileid="3" />
                <SequencePoint vc="13" uspid="1277" ordinal="0" offset="47" sl="247" sc="17" el="247" ec="17" bec="0" bev="0" fileid="3" />
                <SequencePoint vc="1" uspid="1278" ordinal="0" offset="68" sl="248" sc="17" el="248" ec="17" bec="0" bev="0" fileid="3" />
                <SequencePoint vc="1" uspid="1279" ordinal="0" offset="69" sl="249" sc="21" el="249" ec="21" bec="0" bev="0" fileid="3" />
                <SequencePoint vc="1" uspid="1280" ordinal="0" offset="85" sl="250" sc="21" el="250" ec="21" bec="0" bev="0" fileid="3" />
                <SequencePoint vc="1" uspid="1281" ordinal="0" offset="94" sl="251" sc="21" el="251" ec="21" bec="0" bev="0" fileid="3" />
                <SequencePoint vc="1" uspid="1282" ordinal="0" offset="103" sl="252" sc="21" el="252" ec="21" bec="0" bev="0" fileid="3" />
                <SequencePoint vc="1" uspid="1283" ordinal="0" offset="107" sl="253" sc="21" el="253" ec="21" bec="0" bev="0" fileid="3" />
                <SequencePoint vc="1" uspid="1284" ordinal="0" offset="116" sl="254" sc="17" el="254" ec="17" bec="0" bev="0" fileid="3" />
                <SequencePoint vc="13" uspid="1285" ordinal="0" offset="117" sl="255" sc="13" el="255" ec="13" bec="0" bev="0" fileid="3" />
                <SequencePoint vc="17" uspid="1286" ordinal="0" offset="118" sl="256" sc="13" el="256" ec="13" bec="0" bev="0" fileid="3" />
                <SequencePoint vc="17" uspid="1287" ordinal="0" offset="126" sl="257" sc="9" el="257" ec="9" bec="0" bev="0" fileid="3" />
                <SequencePoint vc="17" uspid="1288" ordinal="0" offset="127" sl="241" sc="45" el="241" ec="45" bec="0" bev="0" fileid="3" />
                <SequencePoint vc="25" uspid="1289" ordinal="0" offset="131" sl="241" sc="25" el="241" ec="25" bec="0" bev="0" fileid="3" />
                <SequencePoint vc="8" uspid="1290" ordinal="0" offset="149" sl="259" sc="9" el="259" ec="9" bec="0" bev="0" fileid="3" />
                <SequencePoint vc="8" uspid="1291" ordinal="0" offset="154" sl="260" sc="5" el="260" ec="5" bec="0" bev="0" fileid="3" />
              </SequencePoints>
              <BranchPoints />
            </Method>
            <Method visited="true" cyclomaticComplexity="0" nPathComplexity="0" sequenceCoverage="83.33" branchCoverage="0" crapScore="0" isConstructor="false" isStatic="false" isGetter="false" isSetter="false">
              <Summary numSequencePoints="18" visitedSequencePoints="15" numBranchPoints="0" visitedBranchPoints="0" sequenceCoverage="83.33" branchCoverage="0" maxCyclomaticComplexity="0" minCyclomaticComplexity="0" maxCrapScore="0" minCrapScore="0" visitedClasses="0" numClasses="0" visitedMethods="1" numMethods="1" />
              <MetadataToken>100663320</MetadataToken>
              <Name>System.Void GameField::RemoveCell(Cell)</Name>
              <FileRef uid="3" />
              <SequencePoints>
                <SequencePoint vc="1" uspid="1292" ordinal="0" offset="0" sl="266" sc="5" el="266" ec="5" bec="0" bev="0" fileid="3" />
                <SequencePoint vc="1" uspid="1293" ordinal="0" offset="1" sl="267" sc="9" el="267" ec="9" bec="0" bev="0" fileid="3" />
                <SequencePoint vc="1" uspid="1294" ordinal="0" offset="8" sl="268" sc="9" el="268" ec="9" bec="0" bev="0" fileid="3" />
                <SequencePoint vc="1" uspid="1295" ordinal="0" offset="40" sl="269" sc="13" el="269" ec="13" bec="0" bev="0" fileid="3" />
                <SequencePoint vc="1" uspid="1296" ordinal="0" offset="66" sl="271" sc="9" el="271" ec="9" bec="0" bev="0" fileid="3" />
                <SequencePoint vc="1" uspid="1297" ordinal="0" offset="82" sl="272" sc="13" el="272" ec="13" bec="0" bev="0" fileid="3" />
                <SequencePoint vc="1" uspid="1298" ordinal="0" offset="95" sl="274" sc="9" el="274" ec="9" bec="0" bev="0" fileid="3" />
                <SequencePoint vc="1" uspid="1299" ordinal="0" offset="101" sl="275" sc="9" el="275" ec="9" bec="0" bev="0" fileid="3" />
                <SequencePoint vc="1" uspid="1300" ordinal="0" offset="102" sl="275" sc="30" el="275" ec="30" bec="0" bev="0" fileid="3" />
                <SequencePoint vc="3" uspid="1301" ordinal="0" offset="110" sl="275" sc="18" el="275" ec="18" bec="0" bev="0" fileid="3" />
                <SequencePoint vc="3" uspid="1302" ordinal="0" offset="117" sl="276" sc="9" el="276" ec="9" bec="0" bev="0" fileid="3" />
                <SequencePoint vc="3" uspid="1303" ordinal="0" offset="118" sl="277" sc="13" el="277" ec="13" bec="0" bev="0" fileid="3" />
                <SequencePoint vc="0" uspid="1304" ordinal="0" offset="134" sl="278" sc="13" el="278" ec="13" bec="0" bev="0" fileid="3" />
                <SequencePoint vc="0" uspid="1305" ordinal="0" offset="135" sl="279" sc="17" el="279" ec="17" bec="0" bev="0" fileid="3" />
                <SequencePoint vc="0" uspid="1306" ordinal="0" offset="148" sl="280" sc="17" el="280" ec="17" bec="0" bev="0" fileid="3" />
                <SequencePoint vc="3" uspid="1307" ordinal="0" offset="150" sl="282" sc="9" el="282" ec="9" bec="0" bev="0" fileid="3" />
                <SequencePoint vc="4" uspid="1308" ordinal="0" offset="157" sl="275" sc="27" el="275" ec="27" bec="0" bev="0" fileid="3" />
                <SequencePoint vc="1" uspid="1309" ordinal="0" offset="165" sl="283" sc="5" el="283" ec="5" bec="0" bev="0" fileid="3" />
              </SequencePoints>
              <BranchPoints />
            </Method>
            <Method visited="true" cyclomaticComplexity="0" nPathComplexity="0" sequenceCoverage="86.67" branchCoverage="0" crapScore="0" isConstructor="false" isStatic="false" isGetter="false" isSetter="false">
              <Summary numSequencePoints="45" visitedSequencePoints="39" numBranchPoints="0" visitedBranchPoints="0" sequenceCoverage="86.67" branchCoverage="0" maxCyclomaticComplexity="0" minCyclomaticComplexity="0" maxCrapScore="0" minCrapScore="0" visitedClasses="0" numClasses="0" visitedMethods="1" numMethods="1" />
              <MetadataToken>100663321</MetadataToken>
              <Name>System.Void GameField::CheckGameOver()</Name>
              <FileRef uid="3" />
              <SequencePoints>
                <SequencePoint vc="2" uspid="1310" ordinal="0" offset="0" sl="290" sc="5" el="290" ec="5" bec="0" bev="0" fileid="3" />
                <SequencePoint vc="2" uspid="1311" ordinal="0" offset="1" sl="292" sc="14" el="292" ec="14" bec="0" bev="0" fileid="3" />
                <SequencePoint vc="5" uspid="1312" ordinal="0" offset="5" sl="293" sc="9" el="293" ec="9" bec="0" bev="0" fileid="3" />
                <SequencePoint vc="5" uspid="1313" ordinal="0" offset="6" sl="294" sc="18" el="294" ec="18" bec="0" bev="0" fileid="3" />
                <SequencePoint vc="18" uspid="1314" ordinal="0" offset="10" sl="295" sc="13" el="295" ec="13" bec="0" bev="0" fileid="3" />
                <SequencePoint vc="18" uspid="1315" ordinal="0" offset="11" sl="296" sc="17" el="296" ec="17" bec="0" bev="0" fileid="3" />
                <SequencePoint vc="1" uspid="1316" ordinal="0" offset="31" sl="297" sc="21" el="297" ec="21" bec="0" bev="0" fileid="3" />
                <SequencePoint vc="17" uspid="1317" ordinal="0" offset="36" sl="298" sc="13" el="298" ec="13" bec="0" bev="0" fileid="3" />
                <SequencePoint vc="17" uspid="1318" ordinal="0" offset="37" sl="294" sc="44" el="294" ec="44" bec="0" bev="0" fileid="3" />
                <SequencePoint vc="22" uspid="1319" ordinal="0" offset="41" sl="294" sc="29" el="294" ec="29" bec="0" bev="0" fileid="3" />
                <SequencePoint vc="4" uspid="1320" ordinal="0" offset="54" sl="299" sc="9" el="299" ec="9" bec="0" bev="0" fileid="3" />
                <SequencePoint vc="4" uspid="1321" ordinal="0" offset="55" sl="292" sc="40" el="292" ec="40" bec="0" bev="0" fileid="3" />
                <SequencePoint vc="6" uspid="1322" ordinal="0" offset="59" sl="292" sc="25" el="292" ec="25" bec="0" bev="0" fileid="3" />
                <SequencePoint vc="1" uspid="1323" ordinal="0" offset="74" sl="302" sc="14" el="302" ec="14" bec="0" bev="0" fileid="3" />
                <SequencePoint vc="4" uspid="1324" ordinal="0" offset="82" sl="303" sc="9" el="303" ec="9" bec="0" bev="0" fileid="3" />
                <SequencePoint vc="4" uspid="1325" ordinal="0" offset="83" sl="304" sc="18" el="304" ec="18" bec="0" bev="0" fileid="3" />
                <SequencePoint vc="16" uspid="1326" ordinal="0" offset="91" sl="305" sc="13" el="305" ec="13" bec="0" bev="0" fileid="3" />
                <SequencePoint vc="16" uspid="1327" ordinal="0" offset="92" sl="306" sc="17" el="306" ec="17" bec="0" bev="0" fileid="3" />
                <SequencePoint vc="16" uspid="1328" ordinal="0" offset="109" sl="307" sc="17" el="307" ec="17" bec="0" bev="0" fileid="3" />
                <SequencePoint vc="0" uspid="1329" ordinal="0" offset="161" sl="308" sc="21" el="308" ec="21" bec="0" bev="0" fileid="3" />
                <SequencePoint vc="16" uspid="1330" ordinal="0" offset="166" sl="309" sc="17" el="309" ec="17" bec="0" bev="0" fileid="3" />
                <SequencePoint vc="0" uspid="1331" ordinal="0" offset="218" sl="310" sc="21" el="310" ec="21" bec="0" bev="0" fileid="3" />
                <SequencePoint vc="16" uspid="1332" ordinal="0" offset="223" sl="311" sc="13" el="311" ec="13" bec="0" bev="0" fileid="3" />
                <SequencePoint vc="16" uspid="1333" ordinal="0" offset="224" sl="304" sc="44" el="304" ec="44" bec="0" bev="0" fileid="3" />
                <SequencePoint vc="20" uspid="1334" ordinal="0" offset="230" sl="304" sc="29" el="304" ec="29" bec="0" bev="0" fileid="3" />
                <SequencePoint vc="4" uspid="1335" ordinal="0" offset="249" sl="312" sc="9" el="312" ec="9" bec="0" bev="0" fileid="3" />
                <SequencePoint vc="4" uspid="1336" ordinal="0" offset="250" sl="302" sc="40" el="302" ec="40" bec="0" bev="0" fileid="3" />
                <SequencePoint vc="5" uspid="1337" ordinal="0" offset="256" sl="302" sc="25" el="302" ec="25" bec="0" bev="0" fileid="3" />
                <SequencePoint vc="1" uspid="1338" ordinal="0" offset="275" sl="314" sc="9" el="314" ec="9" bec="0" bev="0" fileid="3" />
                <SequencePoint vc="1" uspid="1339" ordinal="0" offset="286" sl="316" sc="9" el="316" ec="9" bec="0" bev="0" fileid="3" />
                <SequencePoint vc="0" uspid="1340" ordinal="0" offset="306" sl="317" sc="9" el="317" ec="9" bec="0" bev="0" fileid="3" />
                <SequencePoint vc="0" uspid="1341" ordinal="0" offset="307" sl="318" sc="13" el="318" ec="13" bec="0" bev="0" fileid="3" />
                <SequencePoint vc="0" uspid="1342" ordinal="0" offset="319" sl="319" sc="13" el="319" ec="13" bec="0" bev="0" fileid="3" />
                <SequencePoint vc="0" uspid="1343" ordinal="0" offset="346" sl="320" sc="9" el="320" ec="9" bec="0" bev="0" fileid="3" />
                <SequencePoint vc="1" uspid="1344" ordinal="0" offset="347" sl="321" sc="9" el="321" ec="9" bec="0" bev="0" fileid="3" />
                <SequencePoint vc="1" uspid="1345" ordinal="0" offset="354" sl="323" sc="9" el="323" ec="9" bec="0" bev="0" fileid="3" />
                <SequencePoint vc="1" uspid="1346" ordinal="0" offset="361" sl="326" sc="9" el="326" ec="9" bec="0" bev="0" fileid="3" />
                <SequencePoint vc="1" uspid="1347" ordinal="0" offset="379" sl="327" sc="9" el="327" ec="9" bec="0" bev="0" fileid="3" />
                <SequencePoint vc="1" uspid="1348" ordinal="0" offset="380" sl="328" sc="13" el="328" ec="13" bec="0" bev="0" fileid="3" />
                <SequencePoint vc="1" uspid="1349" ordinal="0" offset="393" sl="329" sc="9" el="329" ec="9" bec="0" bev="0" fileid="3" />
                <SequencePoint vc="1" uspid="1350" ordinal="0" offset="394" sl="332" sc="9" el="332" ec="9" bec="0" bev="0" fileid="3" />
                <SequencePoint vc="1" uspid="1351" ordinal="0" offset="412" sl="333" sc="9" el="333" ec="9" bec="0" bev="0" fileid="3" />
                <SequencePoint vc="1" uspid="1352" ordinal="0" offset="413" sl="334" sc="13" el="334" ec="13" bec="0" bev="0" fileid="3" />
                <SequencePoint vc="1" uspid="1353" ordinal="0" offset="426" sl="335" sc="9" el="335" ec="9" bec="0" bev="0" fileid="3" />
                <SequencePoint vc="2" uspid="1354" ordinal="0" offset="427" sl="336" sc="5" el="336" ec="5" bec="0" bev="0" fileid="3" />
              </SequencePoints>
              <BranchPoints />
            </Method>
            <Method visited="true" cyclomaticComplexity="0" nPathComplexity="0" sequenceCoverage="100.0" branchCoverage="0" crapScore="0" isConstructor="false" isStatic="false" isGetter="false" isSetter="false">
              <Summary numSequencePoints="7" visitedSequencePoints="7" numBranchPoints="0" visitedBranchPoints="0" sequenceCoverage="100.0" branchCoverage="0" maxCyclomaticComplexity="0" minCyclomaticComplexity="0" maxCrapScore="0" minCrapScore="0" visitedClasses="0" numClasses="0" visitedMethods="1" numMethods="1" />
              <MetadataToken>100663322</MetadataToken>
              <Name>System.Void GameField::StartNewGame()</Name>
              <FileRef uid="3" />
              <SequencePoints>
                <SequencePoint vc="3" uspid="1355" ordinal="0" offset="0" sl="342" sc="5" el="342" ec="5" bec="0" bev="0" fileid="3" />
                <SequencePoint vc="3" uspid="1356" ordinal="0" offset="1" sl="343" sc="9" el="343" ec="9" bec="0" bev="0" fileid="3" />
                <SequencePoint vc="3" uspid="1357" ordinal="0" offset="8" sl="344" sc="9" el="344" ec="9" bec="0" bev="0" fileid="3" />
                <SequencePoint vc="3" uspid="1358" ordinal="0" offset="15" sl="345" sc="9" el="345" ec="9" bec="0" bev="0" fileid="3" />
                <SequencePoint vc="3" uspid="1359" ordinal="0" offset="22" sl="346" sc="9" el="346" ec="9" bec="0" bev="0" fileid="3" />
                <SequencePoint vc="3" uspid="1360" ordinal="0" offset="29" sl="347" sc="9" el="347" ec="9" bec="0" bev="0" fileid="3" />
                <SequencePoint vc="3" uspid="1361" ordinal="0" offset="36" sl="348" sc="5" el="348" ec="5" bec="0" bev="0" fileid="3" />
              </SequencePoints>
              <BranchPoints />
            </Method>
            <Method visited="true" cyclomaticComplexity="0" nPathComplexity="0" sequenceCoverage="100.0" branchCoverage="0" crapScore="0" isConstructor="false" isStatic="false" isGetter="false" isSetter="false">
              <Summary numSequencePoints="10" visitedSequencePoints="10" numBranchPoints="0" visitedBranchPoints="0" sequenceCoverage="100.0" branchCoverage="0" maxCyclomaticComplexity="0" minCyclomaticComplexity="0" maxCrapScore="0" minCrapScore="0" visitedClasses="0" numClasses="0" visitedMethods="1" numMethods="1" />
              <MetadataToken>100663323</MetadataToken>
              <Name>System.Void GameField::ClearBoard()</Name>
              <FileRef uid="3" />
              <SequencePoints>
                <SequencePoint vc="7" uspid="1362" ordinal="0" offset="0" sl="354" sc="5" el="354" ec="5" bec="0" bev="0" fileid="3" />
                <SequencePoint vc="7" uspid="1363" ordinal="0" offset="1" sl="355" sc="9" el="355" ec="9" bec="0" bev="0" fileid="3" />
                <SequencePoint vc="7" uspid="1364" ordinal="0" offset="7" sl="356" sc="9" el="356" ec="9" bec="0" bev="0" fileid="3" />
                <SequencePoint vc="7" uspid="1365" ordinal="0" offset="8" sl="356" sc="30" el="356" ec="30" bec="0" bev="0" fileid="3" />
                <SequencePoint vc="27" uspid="1366" ordinal="0" offset="14" sl="356" sc="18" el="356" ec="18" bec="0" bev="0" fileid="3" />
                <SequencePoint vc="27" uspid="1367" ordinal="0" offset="18" sl="357" sc="13" el="357" ec="13" bec="0" bev="0" fileid="3" />
                <SequencePoint vc="34" uspid="1368" ordinal="0" offset="34" sl="356" sc="27" el="356" ec="27" bec="0" bev="0" fileid="3" />
                <SequencePoint vc="7" uspid="1369" ordinal="0" offset="40" sl="359" sc="9" el="359" ec="9" bec="0" bev="0" fileid="3" />
                <SequencePoint vc="7" uspid="1370" ordinal="0" offset="52" sl="360" sc="9" el="360" ec="9" bec="0" bev="0" fileid="3" />
                <SequencePoint vc="7" uspid="1371" ordinal="0" offset="75" sl="361" sc="5" el="361" ec="5" bec="0" bev="0" fileid="3" />
              </SequencePoints>
              <BranchPoints />
            </Method>
            <Method visited="true" cyclomaticComplexity="0" nPathComplexity="0" sequenceCoverage="100.0" branchCoverage="0" crapScore="0" isConstructor="false" isStatic="false" isGetter="false" isSetter="false">
              <Summary numSequencePoints="6" visitedSequencePoints="6" numBranchPoints="0" visitedBranchPoints="0" sequenceCoverage="100.0" branchCoverage="0" maxCyclomaticComplexity="0" minCyclomaticComplexity="0" maxCrapScore="0" minCrapScore="0" visitedClasses="0" numClasses="0" visitedMethods="1" numMethods="1" />
              <MetadataToken>100663324</MetadataToken>
              <Name>System.Void GameField::UpdateScoreUI()</Name>
              <FileRef uid="3" />
              <SequencePoints>
                <SequencePoint vc="23" uspid="1372" ordinal="0" offset="0" sl="364" sc="5" el="364" ec="5" bec="0" bev="0" fileid="3" />
                <SequencePoint vc="23" uspid="1373" ordinal="0" offset="1" sl="365" sc="9" el="365" ec="9" bec="0" bev="0" fileid="3" />
                <SequencePoint vc="23" uspid="1374" ordinal="0" offset="17" sl="366" sc="13" el="366" ec="13" bec="0" bev="0" fileid="3" />
                <SequencePoint vc="23" uspid="1375" ordinal="0" offset="40" sl="368" sc="9" el="368" ec="9" bec="0" bev="0" fileid="3" />
                <SequencePoint vc="23" uspid="1376" ordinal="0" offset="56" sl="369" sc="13" el="369" ec="13" bec="0" bev="0" fileid="3" />
                <SequencePoint vc="23" uspid="1377" ordinal="0" offset="79" sl="370" sc="5" el="370" ec="5" bec="0" bev="0" fileid="3" />
              </SequencePoints>
              <BranchPoints />
            </Method>
            <Method visited="true" cyclomaticComplexity="0" nPathComplexity="0" sequenceCoverage="100.0" branchCoverage="0" crapScore="0" isConstructor="false" isStatic="false" isGetter="false" isSetter="false">
              <Summary numSequencePoints="9" visitedSequencePoints="9" numBranchPoints="0" visitedBranchPoints="0" sequenceCoverage="100.0" branchCoverage="0" maxCyclomaticComplexity="0" minCyclomaticComplexity="0" maxCrapScore="0" minCrapScore="0" visitedClasses="0" numClasses="0" visitedMethods="1" numMethods="1" />
              <MetadataToken>100663325</MetadataToken>
              <Name>System.Void GameField::AddScore(System.Int32)</Name>
              <FileRef uid="3" />
              <SequencePoints>
                <SequencePoint vc="3" uspid="1378" ordinal="0" offset="0" sl="373" sc="5" el="373" ec="5" bec="0" bev="0" fileid="3" />
                <SequencePoint vc="3" uspid="1379" ordinal="0" offset="1" sl="374" sc="9" el="374" ec="9" bec="0" bev="0" fileid="3" />
                <SequencePoint vc="3" uspid="1380" ordinal="0" offset="15" sl="375" sc="9" el="375" ec="9" bec="0" bev="0" fileid="3" />
                <SequencePoint vc="3" uspid="1381" ordinal="0" offset="22" sl="376" sc="9" el="376" ec="9" bec="0" bev="0" fileid="3" />
                <SequencePoint vc="3" uspid="1382" ordinal="0" offset="40" sl="377" sc="9" el="377" ec="9" bec="0" bev="0" fileid="3" />
                <SequencePoint vc="3" uspid="1383" ordinal="0" offset="41" sl="378" sc="13" el="378" ec="13" bec="0" bev="0" fileid="3" />
                <SequencePoint vc="3" uspid="1384" ordinal="0" offset="53" sl="379" sc="13" el="379" ec="13" bec="0" bev="0" fileid="3" />
                <SequencePoint vc="3" uspid="1385" ordinal="0" offset="60" sl="380" sc="9" el="380" ec="9" bec="0" bev="0" fileid="3" />
                <SequencePoint vc="3" uspid="1386" ordinal="0" offset="61" sl="381" sc="5" el="381" ec="5" bec="0" bev="0" fileid="3" />
              </SequencePoints>
              <BranchPoints />
            </Method>
            <Method visited="true" cyclomaticComplexity="0" nPathComplexity="0" sequenceCoverage="100.0" branchCoverage="0" crapScore="0" isConstructor="false" isStatic="false" isGetter="false" isSetter="false">
              <Summary numSequencePoints="19" visitedSequencePoints="19" numBranchPoints="0" visitedBranchPoints="0" sequenceCoverage="100.0" branchCoverage="0" maxCyclomaticComplexity="0" minCyclomaticComplexity="0" maxCrapScore="0" minCrapScore="0" visitedClasses="0" numClasses="0" visitedMethods="1" numMethods="1" />
              <MetadataToken>100663326</MetadataToken>
              <Name>UnityEngine.Vector2Int GameField::GetEmptyPosition()</Name>
              <FileRef uid="3" />
              <SequencePoints>
                <SequencePoint vc="37" uspid="1387" ordinal="0" offset="0" sl="387" sc="5" el="387" ec="5" bec="0" bev="0" fileid="3" />
                <SequencePoint vc="37" uspid="1388" ordinal="0" offset="1" sl="388" sc="9" el="388" ec="9" bec="0" bev="0" fileid="3" />
                <SequencePoint vc="37" uspid="1389" ordinal="0" offset="7" sl="389" sc="14" el="389" ec="14" bec="0" bev="0" fileid="3" />
                <SequencePoint vc="124" uspid="1390" ordinal="0" offset="11" sl="390" sc="9" el="390" ec="9" bec="0" bev="0" fileid="3" />
                <SequencePoint vc="124" uspid="1391" ordinal="0" offset="12" sl="391" sc="18" el="391" ec="18" bec="0" bev="0" fileid="3" />
                <SequencePoint vc="472" uspid="1392" ordinal="0" offset="16" sl="392" sc="13" el="392" ec="13" bec="0" bev="0" fileid="3" />
                <SequencePoint vc="472" uspid="1393" ordinal="0" offset="17" sl="393" sc="17" el="393" ec="17" bec="0" bev="0" fileid="3" />
                <SequencePoint vc="435" uspid="1394" ordinal="0" offset="39" sl="394" sc="21" el="394" ec="21" bec="0" bev="0" fileid="3" />
                <SequencePoint vc="472" uspid="1395" ordinal="0" offset="53" sl="395" sc="13" el="395" ec="13" bec="0" bev="0" fileid="3" />
                <SequencePoint vc="472" uspid="1396" ordinal="0" offset="54" sl="391" sc="44" el="391" ec="44" bec="0" bev="0" fileid="3" />
                <SequencePoint vc="596" uspid="1397" ordinal="0" offset="58" sl="391" sc="29" el="391" ec="29" bec="0" bev="0" fileid="3" />
                <SequencePoint vc="124" uspid="1398" ordinal="0" offset="73" sl="396" sc="9" el="396" ec="9" bec="0" bev="0" fileid="3" />
                <SequencePoint vc="124" uspid="1399" ordinal="0" offset="74" sl="389" sc="40" el="389" ec="40" bec="0" bev="0" fileid="3" />
                <SequencePoint vc="161" uspid="1400" ordinal="0" offset="78" sl="389" sc="25" el="389" ec="25" bec="0" bev="0" fileid="3" />
                <SequencePoint vc="37" uspid="1401" ordinal="0" offset="93" sl="397" sc="9" el="397" ec="9" bec="0" bev="0" fileid="3" />
                <SequencePoint vc="5" uspid="1402" ordinal="0" offset="108" sl="398" sc="13" el="398" ec="13" bec="0" bev="0" fileid="3" />
                <SequencePoint vc="32" uspid="1403" ordinal="0" offset="119" sl="399" sc="9" el="399" ec="9" bec="0" bev="0" fileid="3" />
                <SequencePoint vc="32" uspid="1404" ordinal="0" offset="132" sl="400" sc="9" el="400" ec="9" bec="0" bev="0" fileid="3" />
                <SequencePoint vc="37" uspid="1405" ordinal="0" offset="143" sl="401" sc="5" el="401" ec="5" bec="0" bev="0" fileid="3" />
              </SequencePoints>
              <BranchPoints />
            </Method>
            <Method visited="true" cyclomaticComplexity="0" nPathComplexity="0" sequenceCoverage="33.33" branchCoverage="0" crapScore="0" isConstructor="false" isStatic="false" isGetter="false" isSetter="false">
              <Summary numSequencePoints="15" visitedSequencePoints="5" numBranchPoints="0" visitedBranchPoints="0" sequenceCoverage="33.33" branchCoverage="0" maxCyclomaticComplexity="0" minCyclomaticComplexity="0" maxCrapScore="0" minCrapScore="0" visitedClasses="0" numClasses="0" visitedMethods="1" numMethods="1" />
              <MetadataToken>100663327</MetadataToken>
              <Name>UnityEngine.Color GameField::GetColorForValue(System.Int32)</Name>
              <FileRef uid="3" />
              <SequencePoints>
                <SequencePoint vc="75" uspid="1406" ordinal="0" offset="0" sl="404" sc="5" el="404" ec="5" bec="0" bev="0" fileid="3" />
                <SequencePoint vc="75" uspid="1407" ordinal="0" offset="1" sl="405" sc="9" el="405" ec="9" bec="0" bev="0" fileid="3" />
                <SequencePoint vc="43" uspid="1408" ordinal="0" offset="156" sl="407" sc="23" el="407" ec="23" bec="0" bev="0" fileid="3" />
                <SequencePoint vc="32" uspid="1409" ordinal="0" offset="182" sl="408" sc="23" el="408" ec="23" bec="0" bev="0" fileid="3" />
                <SequencePoint vc="0" uspid="1410" ordinal="0" offset="208" sl="409" sc="23" el="409" ec="23" bec="0" bev="0" fileid="3" />
                <SequencePoint vc="0" uspid="1411" ordinal="0" offset="234" sl="410" sc="23" el="410" ec="23" bec="0" bev="0" fileid="3" />
                <SequencePoint vc="0" uspid="1412" ordinal="0" offset="260" sl="411" sc="23" el="411" ec="23" bec="0" bev="0" fileid="3" />
                <SequencePoint vc="0" uspid="1413" ordinal="0" offset="286" sl="412" sc="23" el="412" ec="23" bec="0" bev="0" fileid="3" />
                <SequencePoint vc="0" uspid="1414" ordinal="0" offset="312" sl="413" sc="25" el="413" ec="25" bec="0" bev="0" fileid="3" />
                <SequencePoint vc="0" uspid="1415" ordinal="0" offset="335" sl="414" sc="24" el="414" ec="24" bec="0" bev="0" fileid="3" />
                <SequencePoint vc="0" uspid="1416" ordinal="0" offset="358" sl="415" sc="24" el="415" ec="24" bec="0" bev="0" fileid="3" />
                <SequencePoint vc="0" uspid="1417" ordinal="0" offset="381" sl="416" sc="25" el="416" ec="25" bec="0" bev="0" fileid="3" />
                <SequencePoint vc="0" uspid="1418" ordinal="0" offset="404" sl="417" sc="25" el="417" ec="25" bec="0" bev="0" fileid="3" />
                <SequencePoint vc="0" uspid="1419" ordinal="0" offset="427" sl="419" sc="23" el="419" ec="23" bec="0" bev="0" fileid="3" />
                <SequencePoint vc="75" uspid="1420" ordinal="0" offset="450" sl="421" sc="5" el="421" ec="5" bec="0" bev="0" fileid="3" />
              </SequencePoints>
              <BranchPoints />
            </Method>
            <Method visited="true" cyclomaticComplexity="0" nPathComplexity="0" sequenceCoverage="100.0" branchCoverage="0" crapScore="0" isConstructor="false" isStatic="false" isGetter="false" isSetter="false">
              <Summary numSequencePoints="23" visitedSequencePoints="23" numBranchPoints="0" visitedBranchPoints="0" sequenceCoverage="100.0" branchCoverage="0" maxCyclomaticComplexity="0" minCyclomaticComplexity="0" maxCrapScore="0" minCrapScore="0" visitedClasses="0" numClasses="0" visitedMethods="1" numMethods="1" />
              <MetadataToken>100663328</MetadataToken>
              <Name>System.Void GameField::CreateCell()</Name>
              <FileRef uid="3" />
              <SequencePoints>
                <SequencePoint vc="35" uspid="1421" ordinal="0" offset="0" sl="427" sc="5" el="427" ec="5" bec="0" bev="0" fileid="3" />
[...]
          <FullName>InputManagerPlayModeTests/&lt;&gt;c__DisplayClass7_0</FullName>
          <Methods>
            <Method visited="true" cyclomaticComplexity="0" nPathComplexity="0" sequenceCoverage="100.0" branchCoverage="0" crapScore="0" isConstructor="false" isStatic="false" isGetter="false" isSetter="false">
              <Summary numSequencePoints="4" visitedSequencePoints="4" numBranchPoints="0" visitedBranchPoints="0" sequenceCoverage="100.0" branchCoverage="0" maxCyclomaticComplexity="0" minCyclomaticComplexity="0" maxCrapScore="0" minCrapScore="0" visitedClasses="0" numClasses="0" visitedMethods="1" numMethods="1" />
              <MetadataToken>100663436</MetadataToken>
              <Name>System.Void InputManagerPlayModeTests/&lt;&gt;c__DisplayClass7_0::&lt;ProcessSwipe_ShouldInvokeEvent_IfSwipeLongEnough&gt;b__0(UnityEngine.Vector2)</Name>
              <FileRef uid="9" />
              <SequencePoints>
                <SequencePoint vc="1" uspid="1926" ordinal="0" offset="0" sl="110" sc="9" el="110" ec="9" bec="0" bev="0" fileid="9" />
                <SequencePoint vc="1" uspid="1927" ordinal="0" offset="1" sl="111" sc="13" el="111" ec="13" bec="0" bev="0" fileid="9" />
                <SequencePoint vc="1" uspid="1928" ordinal="0" offset="8" sl="112" sc="13" el="112" ec="13" bec="0" bev="0" fileid="9" />
                <SequencePoint vc="1" uspid="1929" ordinal="0" offset="15" sl="113" sc="9" el="113" ec="9" bec="0" bev="0" fileid="9" />
              </SequencePoints>
              <BranchPoints />
            </Method>
          </Methods>
        </Class>
        <Class>
          <Summary numSequencePoints="16" visitedSequencePoints="16" numBranchPoints="0" visitedBranchPoints="0" sequenceCoverage="100.0" branchCoverage="0.0" maxCyclomaticComplexity="0" minCyclomaticComplexity="0" maxCrapScore="0" minCrapScore="0" visitedClasses="1" numClasses="1" visitedMethods="1" numMethods="1" />
          <FullName>InputManagerPlayModeTests/&lt;GetSwipeDirection_ShouldReturnCorrectDirection&gt;d__8</FullName>
          <Methods>
            <Method visited="true" cyclomaticComplexity="0" nPathComplexity="0" sequenceCoverage="100.0" branchCoverage="0" crapScore="0" isConstructor="false" isStatic="false" isGetter="false" isSetter="false">
              <Summary numSequencePoints="16" visitedSequencePoints="16" numBranchPoints="0" visitedBranchPoints="0" sequenceCoverage="100.0" branchCoverage="0" maxCyclomaticComplexity="0" minCyclomaticComplexity="0" maxCrapScore="0" minCrapScore="0" visitedClasses="0" numClasses="0" visitedMethods="1" numMethods="1" />
              <MetadataToken>100663439</MetadataToken>
              <Name>System.Boolean InputManagerPlayModeTests/&lt;GetSwipeDirection_ShouldReturnCorrectDirection&gt;d__8::MoveNext()</Name>
              <FileRef uid="9" />
              <SequencePoints>
                <SequencePoint vc="1" uspid="1930" ordinal="0" offset="34" sl="131" sc="5" el="131" ec="5" bec="0" bev="0" fileid="9" />
                <SequencePoint vc="1" uspid="1931" ordinal="0" offset="35" sl="133" sc="9" el="133" ec="9" bec="0" bev="0" fileid="9" />
                <SequencePoint vc="1" uspid="1932" ordinal="0" offset="63" sl="137" sc="9" el="137" ec="9" bec="0" bev="0" fileid="9" />
                <SequencePoint vc="1" uspid="1933" ordinal="0" offset="84" sl="138" sc="9" el="138" ec="9" bec="0" bev="0" fileid="9" />
                <SequencePoint vc="1" uspid="1934" ordinal="0" offset="137" sl="139" sc="9" el="139" ec="9" bec="0" bev="0" fileid="9" />
                <SequencePoint vc="1" uspid="1935" ordinal="0" offset="179" sl="142" sc="9" el="142" ec="9" bec="0" bev="0" fileid="9" />
                <SequencePoint vc="1" uspid="1936" ordinal="0" offset="200" sl="143" sc="9" el="143" ec="9" bec="0" bev="0" fileid="9" />
                <SequencePoint vc="1" uspid="1937" ordinal="0" offset="253" sl="144" sc="9" el="144" ec="9" bec="0" bev="0" fileid="9" />
                <SequencePoint vc="1" uspid="1938" ordinal="0" offset="295" sl="147" sc="9" el="147" ec="9" bec="0" bev="0" fileid="9" />
                <SequencePoint vc="1" uspid="1939" ordinal="0" offset="316" sl="148" sc="9" el="148" ec="9" bec="0" bev="0" fileid="9" />
                <SequencePoint vc="1" uspid="1940" ordinal="0" offset="369" sl="149" sc="9" el="149" ec="9" bec="0" bev="0" fileid="9" />
                <SequencePoint vc="1" uspid="1941" ordinal="0" offset="411" sl="152" sc="9" el="152" ec="9" bec="0" bev="0" fileid="9" />
                <SequencePoint vc="1" uspid="1942" ordinal="0" offset="432" sl="153" sc="9" el="153" ec="9" bec="0" bev="0" fileid="9" />
                <SequencePoint vc="1" uspid="1943" ordinal="0" offset="485" sl="154" sc="9" el="154" ec="9" bec="0" bev="0" fileid="9" />
                <SequencePoint vc="1" uspid="1944" ordinal="0" offset="527" sl="156" sc="9" el="156" ec="9" bec="0" bev="0" fileid="9" />
                <SequencePoint vc="1" uspid="1945" ordinal="0" offset="550" sl="157" sc="5" el="157" ec="5" bec="0" bev="0" fileid="9" />
              </SequencePoints>
              <BranchPoints />
            </Method>
          </Methods>
        </Class>
        <Class>
          <Summary numSequencePoints="12" visitedSequencePoints="12" numBranchPoints="0" visitedBranchPoints="0" sequenceCoverage="100.0" branchCoverage="0.0" maxCyclomaticComplexity="0" minCyclomaticComplexity="0" maxCrapScore="0" minCrapScore="0" visitedClasses="1" numClasses="1" visitedMethods="1" numMethods="1" />
          <FullName>InputManagerPlayModeTests/&lt;OnPointerSwipe_ShouldInvokeOnInputReceived_WithCorrectDirection&gt;d__5</FullName>
          <Methods>
            <Method visited="true" cyclomaticComplexity="0" nPathComplexity="0" sequenceCoverage="100.0" branchCoverage="0" crapScore="0" isConstructor="false" isStatic="false" isGetter="false" isSetter="false">
              <Summary numSequencePoints="12" visitedSequencePoints="12" numBranchPoints="0" visitedBranchPoints="0" sequenceCoverage="100.0" branchCoverage="0" maxCyclomaticComplexity="0" minCyclomaticComplexity="0" maxCrapScore="0" minCrapScore="0" visitedClasses="0" numClasses="0" visitedMethods="1" numMethods="1" />
              <MetadataToken>100663445</MetadataToken>
              <Name>System.Boolean InputManagerPlayModeTests/&lt;OnPointerSwipe_ShouldInvokeOnInputReceived_WithCorrectDirection&gt;d__5::MoveNext()</Name>
              <FileRef uid="9" />
              <SequencePoints>
                <SequencePoint vc="1" uspid="1946" ordinal="0" offset="45" sl="50" sc="5" el="50" ec="5" bec="0" bev="0" fileid="9" />
                <SequencePoint vc="1" uspid="1947" ordinal="0" offset="46" sl="51" sc="9" el="51" ec="9" bec="0" bev="0" fileid="9" />
                <SequencePoint vc="1" uspid="1948" ordinal="0" offset="62" sl="52" sc="9" el="52" ec="9" bec="0" bev="0" fileid="9" />
                <SequencePoint vc="1" uspid="1949" ordinal="0" offset="74" sl="53" sc="9" el="53" ec="9" bec="0" bev="0" fileid="9" />
                <SequencePoint vc="1" uspid="1950" ordinal="0" offset="108" sl="60" sc="9" el="60" ec="9" bec="0" bev="0" fileid="9" />
                <SequencePoint vc="1" uspid="1951" ordinal="0" offset="152" sl="64" sc="9" el="64" ec="9" bec="0" bev="0" fileid="9" />
                <SequencePoint vc="1" uspid="1952" ordinal="0" offset="175" sl="66" sc="9" el="66" ec="9" bec="0" bev="0" fileid="9" />
                <SequencePoint vc="1" uspid="1953" ordinal="0" offset="219" sl="70" sc="9" el="70" ec="9" bec="0" bev="0" fileid="9" />
                <SequencePoint vc="1" uspid="1954" ordinal="0" offset="242" sl="72" sc="9" el="72" ec="9" bec="0" bev="0" fileid="9" />
                <SequencePoint vc="1" uspid="1955" ordinal="0" offset="265" sl="74" sc="9" el="74" ec="9" bec="0" bev="0" fileid="9" />
                <SequencePoint vc="1" uspid="1956" ordinal="0" offset="297" sl="75" sc="9" el="75" ec="9" bec="0" bev="0" fileid="9" />
                <SequencePoint vc="1" uspid="1957" ordinal="0" offset="344" sl="77" sc="9" el="77" ec="9" bec="0" bev="0" fileid="9" />
              </SequencePoints>
              <BranchPoints />
            </Method>
          </Methods>
        </Class>
        <Class>
          <Summary numSequencePoints="12" visitedSequencePoints="12" numBranchPoints="0" visitedBranchPoints="0" sequenceCoverage="100.0" branchCoverage="0.0" maxCyclomaticComplexity="0" minCyclomaticComplexity="0" maxCrapScore="0" minCrapScore="0" visitedClasses="1" numClasses="1" visitedMethods="1" numMethods="1" />
          <FullName>InputManagerPlayModeTests/&lt;ProcessSwipe_ShouldInvokeEvent_IfSwipeLongEnough&gt;d__7</FullName>
          <Methods>
            <Method visited="true" cyclomaticComplexity="0" nPathComplexity="0" sequenceCoverage="100.0" branchCoverage="0" crapScore="0" isConstructor="false" isStatic="false" isGetter="false" isSetter="false">
              <Summary numSequencePoints="12" visitedSequencePoints="12" numBranchPoints="0" visitedBranchPoints="0" sequenceCoverage="100.0" branchCoverage="0" maxCyclomaticComplexity="0" minCyclomaticComplexity="0" maxCrapScore="0" minCrapScore="0" visitedClasses="0" numClasses="0" visitedMethods="1" numMethods="1" />
              <MetadataToken>100663451</MetadataToken>
              <Name>System.Boolean InputManagerPlayModeTests/&lt;ProcessSwipe_ShouldInvokeEvent_IfSwipeLongEnough&gt;d__7::MoveNext()</Name>
              <FileRef uid="9" />
              <SequencePoints>
                <SequencePoint vc="1" uspid="1958" ordinal="0" offset="45" sl="106" sc="5" el="106" ec="5" bec="0" bev="0" fileid="9" />
                <SequencePoint vc="1" uspid="1959" ordinal="0" offset="46" sl="107" sc="9" el="107" ec="9" bec="0" bev="0" fileid="9" />
                <SequencePoint vc="1" uspid="1960" ordinal="0" offset="62" sl="108" sc="9" el="108" ec="9" bec="0" bev="0" fileid="9" />
                <SequencePoint vc="1" uspid="1961" ordinal="0" offset="74" sl="109" sc="9" el="109" ec="9" bec="0" bev="0" fileid="9" />
                <SequencePoint vc="1" uspid="1962" ordinal="0" offset="108" sl="116" sc="9" el="116" ec="9" bec="0" bev="0" fileid="9" />
                <SequencePoint vc="1" uspid="1963" ordinal="0" offset="136" sl="118" sc="9" el="118" ec="9" bec="0" bev="0" fileid="9" />
                <SequencePoint vc="1" uspid="1964" ordinal="0" offset="157" sl="119" sc="9" el="119" ec="9" bec="0" bev="0" fileid="9" />
                <SequencePoint vc="1" uspid="1965" ordinal="0" offset="178" sl="120" sc="9" el="120" ec="9" bec="0" bev="0" fileid="9" />
                <SequencePoint vc="1" uspid="1966" ordinal="0" offset="243" sl="121" sc="9" el="121" ec="9" bec="0" bev="0" fileid="9" />
                <SequencePoint vc="1" uspid="1967" ordinal="0" offset="266" sl="123" sc="9" el="123" ec="9" bec="0" bev="0" fileid="9" />
                <SequencePoint vc="1" uspid="1968" ordinal="0" offset="298" sl="124" sc="9" el="124" ec="9" bec="0" bev="0" fileid="9" />
                <SequencePoint vc="1" uspid="1969" ordinal="0" offset="345" sl="126" sc="9" el="126" ec="9" bec="0" bev="0" fileid="9" />
              </SequencePoints>
              <BranchPoints />
            </Method>
          </Methods>
        </Class>
        <Class>
          <Summary numSequencePoints="11" visitedSequencePoints="11" numBranchPoints="0" visitedBranchPoints="0" sequenceCoverage="100.0" branchCoverage="0.0" maxCyclomaticComplexity="0" minCyclomaticComplexity="0" maxCrapScore="0" minCrapScore="0" visitedClasses="1" numClasses="1" visitedMethods="1" numMethods="1" />
          <FullName>InputManagerPlayModeTests/&lt;ProcessSwipe_ShouldNotInvokeEvent_IfSwipeTooShort&gt;d__6</FullName>
          <Methods>
            <Method visited="true" cyclomaticComplexity="0" nPathComplexity="0" sequenceCoverage="100.0" branchCoverage="0" crapScore="0" isConstructor="false" isStatic="false" isGetter="false" isSetter="false">
              <Summary numSequencePoints="11" visitedSequencePoints="11" numBranchPoints="0" visitedBranchPoints="0" sequenceCoverage="100.0" branchCoverage="0" maxCyclomaticComplexity="0" minCyclomaticComplexity="0" maxCrapScore="0" minCrapScore="0" visitedClasses="0" numClasses="0" visitedMethods="1" numMethods="1" />
              <MetadataToken>100663457</MetadataToken>
              <Name>System.Boolean InputManagerPlayModeTests/&lt;ProcessSwipe_ShouldNotInvokeEvent_IfSwipeTooShort&gt;d__6::MoveNext()</Name>
              <FileRef uid="9" />
              <SequencePoints>
                <SequencePoint vc="1" uspid="1970" ordinal="0" offset="45" sl="82" sc="5" el="82" ec="5" bec="0" bev="0" fileid="9" />
                <SequencePoint vc="1" uspid="1971" ordinal="0" offset="46" sl="83" sc="9" el="83" ec="9" bec="0" bev="0" fileid="9" />
                <SequencePoint vc="1" uspid="1972" ordinal="0" offset="62" sl="84" sc="9" el="84" ec="9" bec="0" bev="0" fileid="9" />
                <SequencePoint vc="1" uspid="1973" ordinal="0" offset="74" sl="85" sc="9" el="85" ec="9" bec="0" bev="0" fileid="9" />
                <SequencePoint vc="1" uspid="1974" ordinal="0" offset="108" sl="92" sc="9" el="92" ec="9" bec="0" bev="0" fileid="9" />
                <SequencePoint vc="1" uspid="1975" ordinal="0" offset="136" sl="94" sc="9" el="94" ec="9" bec="0" bev="0" fileid="9" />
                <SequencePoint vc="1" uspid="1976" ordinal="0" offset="157" sl="95" sc="9" el="95" ec="9" bec="0" bev="0" fileid="9" />
                <SequencePoint vc="1" uspid="1977" ordinal="0" offset="178" sl="96" sc="9" el="96" ec="9" bec="0" bev="0" fileid="9" />
                <SequencePoint vc="1" uspid="1978" ordinal="0" offset="243" sl="97" sc="9" el="97" ec="9" bec="0" bev="0" fileid="9" />
                <SequencePoint vc="1" uspid="1979" ordinal="0" offset="266" sl="99" sc="9" el="99" ec="9" bec="0" bev="0" fileid="9" />
                <SequencePoint vc="1" uspid="1980" ordinal="0" offset="298" sl="101" sc="9" el="101" ec="9" bec="0" bev="0" fileid="9" />
              </SequencePoints>
              <BranchPoints />
            </Method>
          </Methods>
        </Class>
        <Class>
          <Summary numSequencePoints="14" visitedSequencePoints="11" numBranchPoints="0" visitedBranchPoints="0" sequenceCoverage="78.57" branchCoverage="0.0" maxCyclomaticComplexity="0" minCyclomaticComplexity="0" maxCrapScore="0" minCrapScore="0" visitedClasses="1" numClasses="1" visitedMethods="1" numMethods="1" />
          <FullName>InputManagerPlayModeTests/&lt;SetUp&gt;d__3</FullName>
          <Methods>
            <Method visited="true" cyclomaticComplexity="0" nPathComplexity="0" sequenceCoverage="78.57" branchCoverage="0" crapScore="0" isConstructor="false" isStatic="false" isGetter="false" isSetter="false">
              <Summary numSequencePoints="14" visitedSequencePoints="11" numBranchPoints="0" visitedBranchPoints="0" sequenceCoverage="78.57" branchCoverage="0" maxCyclomaticComplexity="0" minCyclomaticComplexity="0" maxCrapScore="0" minCrapScore="0" visitedClasses="0" numClasses="0" visitedMethods="1" numMethods="1" />
              <MetadataToken>100663463</MetadataToken>
              <Name>System.Boolean InputManagerPlayModeTests/&lt;SetUp&gt;d__3::MoveNext()</Name>
              <FileRef uid="9" />
              <SequencePoints>
                <SequencePoint vc="4" uspid="1981" ordinal="0" offset="34" sl="17" sc="5" el="17" ec="5" bec="0" bev="0" fileid="9" />
                <SequencePoint vc="4" uspid="1982" ordinal="0" offset="35" sl="19" sc="9" el="19" ec="9" bec="0" bev="0" fileid="9" />
                <SequencePoint vc="4" uspid="1983" ordinal="0" offset="50" sl="20" sc="9" el="20" ec="9" bec="0" bev="0" fileid="9" />
                <SequencePoint vc="4" uspid="1984" ordinal="0" offset="51" sl="21" sc="13" el="21" ec="13" bec="0" bev="0" fileid="9" />
                <SequencePoint vc="4" uspid="1985" ordinal="0" offset="67" sl="22" sc="13" el="22" ec="13" bec="0" bev="0" fileid="9" />
                <SequencePoint vc="4" uspid="1986" ordinal="0" offset="89" sl="23" sc="13" el="23" ec="13" bec="0" bev="0" fileid="9" />
                <SequencePoint vc="4" uspid="1987" ordinal="0" offset="101" sl="24" sc="9" el="24" ec="9" bec="0" bev="0" fileid="9" />
                <SequencePoint vc="0" uspid="1988" ordinal="0" offset="111" sl="26" sc="9" el="26" ec="9" bec="0" bev="0" fileid="9" />
                <SequencePoint vc="0" uspid="1989" ordinal="0" offset="112" sl="27" sc="13" el="27" ec="13" bec="0" bev="0" fileid="9" />
                <SequencePoint vc="0" uspid="1990" ordinal="0" offset="128" sl="28" sc="9" el="28" ec="9" bec="0" bev="0" fileid="9" />
                <SequencePoint vc="4" uspid="1991" ordinal="0" offset="129" sl="30" sc="9" el="30" ec="9" bec="0" bev="0" fileid="9" />
                <SequencePoint vc="4" uspid="1992" ordinal="0" offset="150" sl="31" sc="9" el="31" ec="9" bec="0" bev="0" fileid="9" />
                <SequencePoint vc="4" uspid="1993" ordinal="0" offset="177" sl="33" sc="9" el="33" ec="9" bec="0" bev="0" fileid="9" />
                <SequencePoint vc="4" uspid="1994" ordinal="0" offset="200" sl="34" sc="5" el="34" ec="5" bec="0" bev="0" fileid="9" />
              </SequencePoints>
              <BranchPoints />
            </Method>
          </Methods>
        </Class>
        <Class>
          <Summary numSequencePoints="8" visitedSequencePoints="8" numBranchPoints="0" visitedBranchPoints="0" sequenceCoverage="100.0" branchCoverage="0.0" maxCyclomaticComplexity="0" minCyclomaticComplexity="0" maxCrapScore="0" minCrapScore="0" visitedClasses="1" numClasses="1" visitedMethods="1" numMethods="1" />
          <FullName>InputManagerPlayModeTests/&lt;TearDown&gt;d__4</FullName>
          <Methods>
            <Method visited="true" cyclomaticComplexity="0" nPathComplexity="0" sequenceCoverage="100.0" branchCoverage="0" crapScore="0" isConstructor="false" isStatic="false" isGetter="false" isSetter="false">
              <Summary numSequencePoints="8" visitedSequencePoints="8" numBranchPoints="0" visitedBranchPoints="0" sequenceCoverage="100.0" branchCoverage="0" maxCyclomaticComplexity="0" minCyclomaticComplexity="0" maxCrapScore="0" minCrapScore="0" visitedClasses="0" numClasses="0" visitedMethods="1" numMethods="1" />
              <MetadataToken>100663469</MetadataToken>
              <Name>System.Boolean InputManagerPlayModeTests/&lt;TearDown&gt;d__4::MoveNext()</Name>
              <FileRef uid="9" />
              <SequencePoints>
                <SequencePoint vc="4" uspid="1995" ordinal="0" offset="31" sl="38" sc="5" el="38" ec="5" bec="0" bev="0" fileid="9" />
                <SequencePoint vc="4" uspid="1996" ordinal="0" offset="32" sl="39" sc="9" el="39" ec="9" bec="0" bev="0" fileid="9" />
                <SequencePoint vc="4" uspid="1997" ordinal="0" offset="49" sl="41" sc="9" el="41" ec="9" bec="0" bev="0" fileid="9" />
                <SequencePoint vc="4" uspid="1998" ordinal="0" offset="106" sl="42" sc="9" el="42" ec="9" bec="0" bev="0" fileid="9" />
                <SequencePoint vc="4" uspid="1999" ordinal="0" offset="107" sl="43" sc="13" el="43" ec="13" bec="0" bev="0" fileid="9" />
                <SequencePoint vc="4" uspid="2000" ordinal="0" offset="129" sl="44" sc="9" el="44" ec="9" bec="0" bev="0" fileid="9" />
                <SequencePoint vc="4" uspid="2001" ordinal="0" offset="130" sl="45" sc="9" el="45" ec="9" bec="0" bev="0" fileid="9" />
                <SequencePoint vc="4" uspid="2002" ordinal="0" offset="153" sl="46" sc="5" el="46" ec="5" bec="0" bev="0" fileid="9" />
              </SequencePoints>
              <BranchPoints />
            </Method>
          </Methods>
        </Class>
      </Classes>
    </Module>
  </Modules>
</CoverageSession>